{"/Users/mateuscoelho/Desktop/vrsoftware/api-codetalent/src/app.module.ts": {"path":"/Users/mateuscoelho/Desktop/vrsoftware/api-codetalent/src/app.module.ts","statementMap":{"0":{"start":{"line":1,"column":0},"end":{"line":1,"column":48}},"1":{"start":{"line":2,"column":0},"end":{"line":2,"column":61}},"2":{"start":{"line":3,"column":0},"end":{"line":3,"column":48}},"3":{"start":{"line":4,"column":0},"end":{"line":4,"column":63}},"4":{"start":{"line":5,"column":0},"end":{"line":5,"column":68}},"5":{"start":{"line":6,"column":0},"end":{"line":6,"column":71}},"6":{"start":{"line":7,"column":0},"end":{"line":7,"column":81}},"7":{"start":{"line":8,"column":0},"end":{"line":8,"column":70}},"8":{"start":{"line":35,"column":7},"end":{"line":35,"column":null}},"9":{"start":{"line":35,"column":13},"end":{"line":35,"column":22}},"10":{"start":{"line":35,"column":13},"end":{"line":35,"column":null}},"11":{"start":{"line":18,"column":53},"end":{"line":27,"column":8}}},"fnMap":{"0":{"name":"(anonymous_1)","decl":{"start":{"line":18,"column":18},"end":{"line":18,"column":19}},"loc":{"start":{"line":18,"column":53},"end":{"line":27,"column":8}}}},"branchMap":{},"s":{"0":0,"1":0,"2":0,"3":0,"4":0,"5":0,"6":0,"7":0,"8":0,"9":0,"10":0,"11":0},"f":{"0":0},"b":{}}
,"/Users/mateuscoelho/Desktop/vrsoftware/api-codetalent/src/main.ts": {"path":"/Users/mateuscoelho/Desktop/vrsoftware/api-codetalent/src/main.ts","statementMap":{"0":{"start":{"line":1,"column":0},"end":{"line":1,"column":26}},"1":{"start":{"line":3,"column":0},"end":{"line":3,"column":83}},"2":{"start":{"line":4,"column":0},"end":{"line":4,"column":87}},"3":{"start":{"line":5,"column":0},"end":{"line":5,"column":56}},"4":{"start":{"line":6,"column":0},"end":{"line":6,"column":47}},"5":{"start":{"line":7,"column":0},"end":{"line":7,"column":43}},"6":{"start":{"line":8,"column":0},"end":{"line":8,"column":41}},"7":{"start":{"line":9,"column":0},"end":{"line":9,"column":101}},"8":{"start":{"line":12,"column":14},"end":{"line":12,"column":49}},"9":{"start":{"line":14,"column":2},"end":{"line":14,"column":33}},"10":{"start":{"line":15,"column":2},"end":{"line":20,"column":4}},"11":{"start":{"line":21,"column":2},"end":{"line":21,"column":75}},"12":{"start":{"line":22,"column":2},"end":{"line":22,"column":59}},"13":{"start":{"line":23,"column":2},"end":{"line":23,"column":19}},"14":{"start":{"line":25,"column":24},"end":{"line":25,"column":46}},"15":{"start":{"line":26,"column":17},"end":{"line":26,"column":32}},"16":{"start":{"line":28,"column":19},"end":{"line":28,"column":60}},"17":{"start":{"line":29,"column":2},"end":{"line":29,"column":29}},"18":{"start":{"line":31,"column":25},"end":{"line":31,"column":43}},"19":{"start":{"line":32,"column":2},"end":{"line":35,"column":4}},"20":{"start":{"line":37,"column":0},"end":{"line":37,"column":12}}},"fnMap":{"0":{"name":"bootstrap","decl":{"start":{"line":11,"column":15},"end":{"line":11,"column":24}},"loc":{"start":{"line":11,"column":24},"end":{"line":36,"column":1}}}},"branchMap":{"0":{"loc":{"start":{"line":28,"column":19},"end":{"line":28,"column":60}},"type":"binary-expr","locations":[{"start":{"line":28,"column":19},"end":{"line":28,"column":52}},{"start":{"line":28,"column":56},"end":{"line":28,"column":60}}]}},"s":{"0":0,"1":0,"2":0,"3":0,"4":0,"5":0,"6":0,"7":0,"8":0,"9":0,"10":0,"11":0,"12":0,"13":0,"14":0,"15":0,"16":0,"17":0,"18":0,"19":0,"20":0},"f":{"0":0},"b":{"0":[0,0]}}
,"/Users/mateuscoelho/Desktop/vrsoftware/api-codetalent/src/core/domain/enums/code-error.enum.ts": {"path":"/Users/mateuscoelho/Desktop/vrsoftware/api-codetalent/src/core/domain/enums/code-error.enum.ts","statementMap":{"0":{"start":{"line":1,"column":0},"end":{"line":1,"column":null}},"1":{"start":{"line":2,"column":2},"end":{"line":2,"column":null}},"2":{"start":{"line":3,"column":2},"end":{"line":3,"column":null}},"3":{"start":{"line":4,"column":2},"end":{"line":4,"column":null}},"4":{"start":{"line":5,"column":2},"end":{"line":5,"column":null}},"5":{"start":{"line":6,"column":2},"end":{"line":6,"column":null}},"6":{"start":{"line":7,"column":2},"end":{"line":7,"column":null}},"7":{"start":{"line":8,"column":2},"end":{"line":8,"column":null}},"8":{"start":{"line":11,"column":0},"end":{"line":11,"column":null}},"9":{"start":{"line":13,"column":4},"end":{"line":28,"column":5}},"10":{"start":{"line":16,"column":8},"end":{"line":16,"column":19}},"11":{"start":{"line":21,"column":8},"end":{"line":21,"column":19}},"12":{"start":{"line":24,"column":8},"end":{"line":24,"column":19}},"13":{"start":{"line":27,"column":8},"end":{"line":27,"column":19}},"14":{"start":{"line":12,"column":18},"end":{"line":29,"column":null}}},"fnMap":{"0":{"name":"(anonymous_0)","decl":{"start":{"line":1,"column":0},"end":{"line":1,"column":12}},"loc":{"start":{"line":1,"column":25},"end":{"line":9,"column":1}}},"1":{"name":"(anonymous_1)","decl":{"start":{"line":11,"column":0},"end":{"line":11,"column":17}},"loc":{"start":{"line":11,"column":30},"end":{"line":30,"column":1}}},"2":{"name":"getStatusCode","decl":{"start":{"line":12,"column":18},"end":{"line":12,"column":31}},"loc":{"start":{"line":12,"column":56},"end":{"line":29,"column":3}}}},"branchMap":{"0":{"loc":{"start":{"line":1,"column":12},"end":{"line":1,"column":null}},"type":"binary-expr","locations":[{"start":{"line":1,"column":12},"end":{"line":1,"column":25}},{"start":{"line":1,"column":25},"end":{"line":1,"column":null}}]},"1":{"loc":{"start":{"line":13,"column":4},"end":{"line":28,"column":5}},"type":"switch","locations":[{"start":{"line":14,"column":6},"end":{"line":14,"column":51}},{"start":{"line":15,"column":6},"end":{"line":16,"column":19}},{"start":{"line":18,"column":6},"end":{"line":18,"column":43}},{"start":{"line":19,"column":6},"end":{"line":19,"column":47}},{"start":{"line":20,"column":6},"end":{"line":21,"column":19}},{"start":{"line":23,"column":6},"end":{"line":24,"column":19}},{"start":{"line":26,"column":6},"end":{"line":27,"column":19}}]},"2":{"loc":{"start":{"line":11,"column":17},"end":{"line":11,"column":null}},"type":"binary-expr","locations":[{"start":{"line":11,"column":17},"end":{"line":11,"column":30}},{"start":{"line":11,"column":30},"end":{"line":11,"column":null}}]}},"s":{"0":5,"1":5,"2":5,"3":5,"4":5,"5":5,"6":5,"7":5,"8":5,"9":0,"10":0,"11":0,"12":0,"13":0,"14":5},"f":{"0":5,"1":5,"2":0},"b":{"0":[5,5],"1":[0,0,0,0,0,0,0],"2":[5,0]}}
,"/Users/mateuscoelho/Desktop/vrsoftware/api-codetalent/src/core/domain/errors/domain.error.ts": {"path":"/Users/mateuscoelho/Desktop/vrsoftware/api-codetalent/src/core/domain/errors/domain.error.ts","statementMap":{"0":{"start":{"line":3,"column":0},"end":{"line":3,"column":30}}},"fnMap":{},"branchMap":{},"s":{"0":5},"f":{},"b":{}}
,"/Users/mateuscoelho/Desktop/vrsoftware/api-codetalent/src/core/infra/database/data-source.ts": {"path":"/Users/mateuscoelho/Desktop/vrsoftware/api-codetalent/src/core/infra/database/data-source.ts","statementMap":{"0":{"start":{"line":1,"column":0},"end":{"line":1,"column":48}},"1":{"start":{"line":2,"column":0},"end":{"line":2,"column":56}},"2":{"start":{"line":4,"column":0},"end":{"line":4,"column":31}},"3":{"start":{"line":6,"column":13},"end":{"line":13,"column":2}},"4":{"start":{"line":15,"column":13},"end":{"line":15,"column":60}}},"fnMap":{},"branchMap":{},"s":{"0":0,"1":0,"2":0,"3":0,"4":0},"f":{},"b":{}}
,"/Users/mateuscoelho/Desktop/vrsoftware/api-codetalent/src/core/infra/database/migrations/1720456660115-migrations.ts": {"path":"/Users/mateuscoelho/Desktop/vrsoftware/api-codetalent/src/core/infra/database/migrations/1720456660115-migrations.ts","statementMap":{"0":{"start":{"line":5,"column":4},"end":{"line":12,"column":7}},"1":{"start":{"line":16,"column":4},"end":{"line":16,"column":61}},"2":{"start":{"line":3,"column":0},"end":{"line":3,"column":13}}},"fnMap":{"0":{"name":"(anonymous_0)","decl":{"start":{"line":4,"column":9},"end":{"line":4,"column":14}},"loc":{"start":{"line":4,"column":42},"end":{"line":13,"column":3}}},"1":{"name":"(anonymous_1)","decl":{"start":{"line":15,"column":9},"end":{"line":15,"column":14}},"loc":{"start":{"line":15,"column":44},"end":{"line":17,"column":3}}}},"branchMap":{},"s":{"0":0,"1":0,"2":0},"f":{"0":0,"1":0},"b":{}}
,"/Users/mateuscoelho/Desktop/vrsoftware/api-codetalent/src/core/infra/database/migrations/1720456727217-migrations.ts": {"path":"/Users/mateuscoelho/Desktop/vrsoftware/api-codetalent/src/core/infra/database/migrations/1720456727217-migrations.ts","statementMap":{"0":{"start":{"line":5,"column":4},"end":{"line":16,"column":5}},"1":{"start":{"line":20,"column":4},"end":{"line":20,"column":58}},"2":{"start":{"line":3,"column":0},"end":{"line":3,"column":13}}},"fnMap":{"0":{"name":"(anonymous_0)","decl":{"start":{"line":4,"column":9},"end":{"line":4,"column":14}},"loc":{"start":{"line":4,"column":42},"end":{"line":17,"column":3}}},"1":{"name":"(anonymous_1)","decl":{"start":{"line":19,"column":9},"end":{"line":19,"column":14}},"loc":{"start":{"line":19,"column":44},"end":{"line":21,"column":3}}}},"branchMap":{},"s":{"0":0,"1":0,"2":0},"f":{"0":0,"1":0},"b":{}}
,"/Users/mateuscoelho/Desktop/vrsoftware/api-codetalent/src/core/infra/database/migrations/1720456765629-migrations.ts": {"path":"/Users/mateuscoelho/Desktop/vrsoftware/api-codetalent/src/core/infra/database/migrations/1720456765629-migrations.ts","statementMap":{"0":{"start":{"line":5,"column":4},"end":{"line":12,"column":7}},"1":{"start":{"line":14,"column":4},"end":{"line":17,"column":7}},"2":{"start":{"line":19,"column":4},"end":{"line":22,"column":7}},"3":{"start":{"line":26,"column":4},"end":{"line":26,"column":65}},"4":{"start":{"line":3,"column":0},"end":{"line":3,"column":13}}},"fnMap":{"0":{"name":"(anonymous_0)","decl":{"start":{"line":4,"column":9},"end":{"line":4,"column":14}},"loc":{"start":{"line":4,"column":42},"end":{"line":23,"column":3}}},"1":{"name":"(anonymous_1)","decl":{"start":{"line":25,"column":9},"end":{"line":25,"column":14}},"loc":{"start":{"line":25,"column":44},"end":{"line":27,"column":3}}}},"branchMap":{},"s":{"0":0,"1":0,"2":0,"3":0,"4":0},"f":{"0":0,"1":0},"b":{}}
,"/Users/mateuscoelho/Desktop/vrsoftware/api-codetalent/src/core/presentation/filters/domain-error.filter.ts": {"path":"/Users/mateuscoelho/Desktop/vrsoftware/api-codetalent/src/core/presentation/filters/domain-error.filter.ts","statementMap":{"0":{"start":{"line":1,"column":0},"end":{"line":1,"column":67}},"1":{"start":{"line":2,"column":0},"end":{"line":2,"column":59}},"2":{"start":{"line":3,"column":0},"end":{"line":3,"column":71}},"3":{"start":{"line":5,"column":0},"end":{"line":5,"column":61}},"4":{"start":{"line":8,"column":7},"end":{"line":24,"column":null}},"5":{"start":{"line":10,"column":16},"end":{"line":10,"column":35}},"6":{"start":{"line":11,"column":21},"end":{"line":11,"column":48}},"7":{"start":{"line":12,"column":20},"end":{"line":12,"column":45}},"8":{"start":{"line":13,"column":23},"end":{"line":13,"column":67}},"9":{"start":{"line":15,"column":4},"end":{"line":22,"column":6}},"10":{"start":{"line":8,"column":13},"end":{"line":8,"column":30}},"11":{"start":{"line":8,"column":13},"end":{"line":24,"column":null}}},"fnMap":{"0":{"name":"(anonymous_1)","decl":{"start":{"line":9,"column":2},"end":{"line":9,"column":7}},"loc":{"start":{"line":9,"column":47},"end":{"line":23,"column":3}}}},"branchMap":{},"s":{"0":0,"1":0,"2":0,"3":0,"4":0,"5":0,"6":0,"7":0,"8":0,"9":0,"10":0,"11":0},"f":{"0":0},"b":{}}
,"/Users/mateuscoelho/Desktop/vrsoftware/api-codetalent/src/core/presentation/filters/http-exception.filter.ts": {"path":"/Users/mateuscoelho/Desktop/vrsoftware/api-codetalent/src/core/presentation/filters/http-exception.filter.ts","statementMap":{"0":{"start":{"line":1,"column":0},"end":{"line":1,"column":67}},"1":{"start":{"line":2,"column":0},"end":{"line":2,"column":null}},"2":{"start":{"line":9,"column":0},"end":{"line":9,"column":61}},"3":{"start":{"line":12,"column":7},"end":{"line":28,"column":null}},"4":{"start":{"line":14,"column":16},"end":{"line":14,"column":35}},"5":{"start":{"line":15,"column":21},"end":{"line":15,"column":48}},"6":{"start":{"line":16,"column":20},"end":{"line":16,"column":45}},"7":{"start":{"line":17,"column":23},"end":{"line":17,"column":40}},"8":{"start":{"line":19,"column":4},"end":{"line":26,"column":6}},"9":{"start":{"line":12,"column":13},"end":{"line":12,"column":32}},"10":{"start":{"line":12,"column":13},"end":{"line":28,"column":null}}},"fnMap":{"0":{"name":"(anonymous_1)","decl":{"start":{"line":13,"column":2},"end":{"line":13,"column":7}},"loc":{"start":{"line":13,"column":49},"end":{"line":27,"column":3}}}},"branchMap":{},"s":{"0":0,"1":0,"2":0,"3":0,"4":0,"5":0,"6":0,"7":0,"8":0,"9":0,"10":0},"f":{"0":0},"b":{}}
,"/Users/mateuscoelho/Desktop/vrsoftware/api-codetalent/src/core/presentation/interceptors/http-response.interceptor.ts": {"path":"/Users/mateuscoelho/Desktop/vrsoftware/api-codetalent/src/core/presentation/interceptors/http-response.interceptor.ts","statementMap":{"0":{"start":{"line":1,"column":0},"end":{"line":1,"column":null}},"1":{"start":{"line":7,"column":0},"end":{"line":7,"column":39}},"2":{"start":{"line":8,"column":0},"end":{"line":8,"column":61}},"3":{"start":{"line":11,"column":7},"end":{"line":28,"column":null}},"4":{"start":{"line":16,"column":20},"end":{"line":16,"column":55}},"5":{"start":{"line":18,"column":4},"end":{"line":26,"column":6}},"6":{"start":{"line":20,"column":8},"end":{"line":24,"column":10}},"7":{"start":{"line":11,"column":13},"end":{"line":11,"column":36}},"8":{"start":{"line":11,"column":13},"end":{"line":28,"column":null}}},"fnMap":{"0":{"name":"(anonymous_1)","decl":{"start":{"line":12,"column":2},"end":{"line":12,"column":11}},"loc":{"start":{"line":14,"column":26},"end":{"line":27,"column":3}}},"1":{"name":"(anonymous_2)","decl":{"start":{"line":19,"column":10},"end":{"line":19,"column":11}},"loc":{"start":{"line":20,"column":8},"end":{"line":24,"column":10}}}},"branchMap":{},"s":{"0":0,"1":0,"2":0,"3":0,"4":0,"5":0,"6":0,"7":0,"8":0},"f":{"0":0,"1":0},"b":{}}
,"/Users/mateuscoelho/Desktop/vrsoftware/api-codetalent/src/core/presentation/presenters/http.presenter.ts": {"path":"/Users/mateuscoelho/Desktop/vrsoftware/api-codetalent/src/core/presentation/presenters/http.presenter.ts","statementMap":{"0":{"start":{"line":14,"column":4},"end":{"line":21,"column":6}},"1":{"start":{"line":12,"column":0},"end":{"line":12,"column":13}}},"fnMap":{"0":{"name":"(anonymous_0)","decl":{"start":{"line":13,"column":2},"end":{"line":13,"column":8}},"loc":{"start":{"line":13,"column":37},"end":{"line":22,"column":3}}}},"branchMap":{},"s":{"0":0,"1":0},"f":{"0":0},"b":{}}
,"/Users/mateuscoelho/Desktop/vrsoftware/api-codetalent/src/product/application/dtos/product.dto.ts": {"path":"/Users/mateuscoelho/Desktop/vrsoftware/api-codetalent/src/product/application/dtos/product.dto.ts","statementMap":{"0":{"start":{"line":5,"column":13},"end":{"line":5,"column":23}},"1":{"start":{"line":6,"column":13},"end":{"line":6,"column":32}},"2":{"start":{"line":7,"column":13},"end":{"line":7,"column":25}},"3":{"start":{"line":8,"column":13},"end":{"line":8,"column":27}},"4":{"start":{"line":12,"column":4},"end":{"line":17,"column":6}},"5":{"start":{"line":3,"column":0},"end":{"line":3,"column":21}}},"fnMap":{"0":{"name":"(anonymous_0)","decl":{"start":{"line":4,"column":2},"end":{"line":4,"column":null}},"loc":{"start":{"line":8,"column":27},"end":{"line":9,"column":6}}},"1":{"name":"(anonymous_1)","decl":{"start":{"line":11,"column":2},"end":{"line":11,"column":8}},"loc":{"start":{"line":11,"column":35},"end":{"line":18,"column":3}}}},"branchMap":{},"s":{"0":5,"1":5,"2":5,"3":5,"4":5,"5":5},"f":{"0":5,"1":5},"b":{}}
,"/Users/mateuscoelho/Desktop/vrsoftware/api-codetalent/src/product/application/dtos/sale-price.dto.ts": {"path":"/Users/mateuscoelho/Desktop/vrsoftware/api-codetalent/src/product/application/dtos/sale-price.dto.ts","statementMap":{"0":{"start":{"line":2,"column":0},"end":{"line":2,"column":83}},"1":{"start":{"line":6,"column":13},"end":{"line":6,"column":30}},"2":{"start":{"line":7,"column":13},"end":{"line":7,"column":40}},"3":{"start":{"line":8,"column":13},"end":{"line":8,"column":30}},"4":{"start":{"line":12,"column":4},"end":{"line":16,"column":6}},"5":{"start":{"line":4,"column":0},"end":{"line":4,"column":21}}},"fnMap":{"0":{"name":"(anonymous_0)","decl":{"start":{"line":5,"column":2},"end":{"line":5,"column":null}},"loc":{"start":{"line":8,"column":30},"end":{"line":9,"column":6}}},"1":{"name":"(anonymous_1)","decl":{"start":{"line":11,"column":2},"end":{"line":11,"column":8}},"loc":{"start":{"line":11,"column":37},"end":{"line":17,"column":3}}}},"branchMap":{},"s":{"0":3,"1":3,"2":3,"3":3,"4":3,"5":3},"f":{"0":3,"1":3},"b":{}}
,"/Users/mateuscoelho/Desktop/vrsoftware/api-codetalent/src/product/application/use-cases/assign-sale-price-product.use-case.ts": {"path":"/Users/mateuscoelho/Desktop/vrsoftware/api-codetalent/src/product/application/use-cases/assign-sale-price-product.use-case.ts","statementMap":{"0":{"start":{"line":1,"column":0},"end":{"line":1,"column":75}},"1":{"start":{"line":3,"column":0},"end":{"line":3,"column":57}},"2":{"start":{"line":5,"column":0},"end":{"line":5,"column":45}},"3":{"start":{"line":6,"column":0},"end":{"line":6,"column":50}},"4":{"start":{"line":21,"column":21},"end":{"line":21,"column":57}},"5":{"start":{"line":22,"column":21},"end":{"line":22,"column":65}},"6":{"start":{"line":28,"column":29},"end":{"line":29,"column":null}},"7":{"start":{"line":32,"column":24},"end":{"line":34,"column":null}},"8":{"start":{"line":36,"column":22},"end":{"line":39,"column":null}},"9":{"start":{"line":41,"column":4},"end":{"line":41,"column":58}},"10":{"start":{"line":44,"column":6},"end":{"line":44,"column":74}},"11":{"start":{"line":46,"column":4},"end":{"line":49,"column":6}},"12":{"start":{"line":48,"column":47},"end":{"line":48,"column":78}},"13":{"start":{"line":19,"column":0},"end":{"line":19,"column":21}}},"fnMap":{"0":{"name":"(anonymous_0)","decl":{"start":{"line":20,"column":2},"end":{"line":20,"column":null}},"loc":{"start":{"line":22,"column":65},"end":{"line":23,"column":6}}},"1":{"name":"(anonymous_1)","decl":{"start":{"line":25,"column":2},"end":{"line":25,"column":7}},"loc":{"start":{"line":26,"column":38},"end":{"line":50,"column":3}}},"2":{"name":"(anonymous_2)","decl":{"start":{"line":48,"column":35},"end":{"line":48,"column":36}},"loc":{"start":{"line":48,"column":47},"end":{"line":48,"column":78}}}},"branchMap":{},"s":{"0":1,"1":1,"2":1,"3":1,"4":1,"5":1,"6":1,"7":1,"8":1,"9":1,"10":1,"11":1,"12":1,"13":1},"f":{"0":1,"1":1,"2":1},"b":{}}
,"/Users/mateuscoelho/Desktop/vrsoftware/api-codetalent/src/product/application/use-cases/create-product.use-case.ts": {"path":"/Users/mateuscoelho/Desktop/vrsoftware/api-codetalent/src/product/application/use-cases/create-product.use-case.ts","statementMap":{"0":{"start":{"line":1,"column":0},"end":{"line":1,"column":52}},"1":{"start":{"line":3,"column":0},"end":{"line":3,"column":45}},"2":{"start":{"line":16,"column":31},"end":{"line":16,"column":67}},"3":{"start":{"line":19,"column":25},"end":{"line":22,"column":null}},"4":{"start":{"line":25,"column":20},"end":{"line":25,"column":67}},"5":{"start":{"line":27,"column":4},"end":{"line":29,"column":6}},"6":{"start":{"line":15,"column":0},"end":{"line":15,"column":21}}},"fnMap":{"0":{"name":"(anonymous_0)","decl":{"start":{"line":16,"column":2},"end":{"line":16,"column":31}},"loc":{"start":{"line":16,"column":67},"end":{"line":16,"column":71}}},"1":{"name":"(anonymous_1)","decl":{"start":{"line":18,"column":2},"end":{"line":18,"column":7}},"loc":{"start":{"line":18,"column":41},"end":{"line":30,"column":3}}}},"branchMap":{},"s":{"0":1,"1":1,"2":1,"3":1,"4":1,"5":1,"6":1},"f":{"0":1,"1":1},"b":{}}
,"/Users/mateuscoelho/Desktop/vrsoftware/api-codetalent/src/product/application/use-cases/delete-product.use-case.ts": {"path":"/Users/mateuscoelho/Desktop/vrsoftware/api-codetalent/src/product/application/use-cases/delete-product.use-case.ts","statementMap":{"0":{"start":{"line":8,"column":31},"end":{"line":8,"column":67}},"1":{"start":{"line":11,"column":4},"end":{"line":11,"column":57}},"2":{"start":{"line":7,"column":0},"end":{"line":7,"column":21}}},"fnMap":{"0":{"name":"(anonymous_0)","decl":{"start":{"line":8,"column":2},"end":{"line":8,"column":31}},"loc":{"start":{"line":8,"column":67},"end":{"line":8,"column":71}}},"1":{"name":"(anonymous_1)","decl":{"start":{"line":10,"column":2},"end":{"line":10,"column":7}},"loc":{"start":{"line":10,"column":41},"end":{"line":12,"column":3}}}},"branchMap":{},"s":{"0":1,"1":1,"2":1},"f":{"0":1,"1":1},"b":{}}
,"/Users/mateuscoelho/Desktop/vrsoftware/api-codetalent/src/product/application/use-cases/delete-sale-price.use-case.ts": {"path":"/Users/mateuscoelho/Desktop/vrsoftware/api-codetalent/src/product/application/use-cases/delete-sale-price.use-case.ts","statementMap":{"0":{"start":{"line":9,"column":31},"end":{"line":9,"column":67}},"1":{"start":{"line":12,"column":4},"end":{"line":15,"column":6}},"2":{"start":{"line":8,"column":0},"end":{"line":8,"column":21}}},"fnMap":{"0":{"name":"(anonymous_0)","decl":{"start":{"line":9,"column":2},"end":{"line":9,"column":31}},"loc":{"start":{"line":9,"column":67},"end":{"line":9,"column":71}}},"1":{"name":"(anonymous_1)","decl":{"start":{"line":11,"column":2},"end":{"line":11,"column":7}},"loc":{"start":{"line":11,"column":43},"end":{"line":16,"column":3}}}},"branchMap":{},"s":{"0":1,"1":1,"2":1},"f":{"0":1,"1":1},"b":{}}
,"/Users/mateuscoelho/Desktop/vrsoftware/api-codetalent/src/product/application/use-cases/find-products.use-case.ts": {"path":"/Users/mateuscoelho/Desktop/vrsoftware/api-codetalent/src/product/application/use-cases/find-products.use-case.ts","statementMap":{"0":{"start":{"line":2,"column":0},"end":{"line":2,"column":45}},"1":{"start":{"line":20,"column":31},"end":{"line":20,"column":67}},"2":{"start":{"line":23,"column":30},"end":{"line":23,"column":78}},"3":{"start":{"line":25,"column":4},"end":{"line":29,"column":6}},"4":{"start":{"line":26,"column":41},"end":{"line":26,"column":70}},"5":{"start":{"line":19,"column":0},"end":{"line":19,"column":21}}},"fnMap":{"0":{"name":"(anonymous_0)","decl":{"start":{"line":20,"column":2},"end":{"line":20,"column":31}},"loc":{"start":{"line":20,"column":67},"end":{"line":20,"column":71}}},"1":{"name":"(anonymous_1)","decl":{"start":{"line":22,"column":2},"end":{"line":22,"column":7}},"loc":{"start":{"line":22,"column":40},"end":{"line":30,"column":3}}},"2":{"name":"(anonymous_2)","decl":{"start":{"line":26,"column":29},"end":{"line":26,"column":30}},"loc":{"start":{"line":26,"column":41},"end":{"line":26,"column":70}}}},"branchMap":{},"s":{"0":1,"1":1,"2":1,"3":1,"4":1,"5":1},"f":{"0":1,"1":1,"2":1},"b":{}}
,"/Users/mateuscoelho/Desktop/vrsoftware/api-codetalent/src/product/application/use-cases/get-product.use-case.ts": {"path":"/Users/mateuscoelho/Desktop/vrsoftware/api-codetalent/src/product/application/use-cases/get-product.use-case.ts","statementMap":{"0":{"start":{"line":2,"column":0},"end":{"line":2,"column":45}},"1":{"start":{"line":3,"column":0},"end":{"line":3,"column":50}},"2":{"start":{"line":15,"column":31},"end":{"line":15,"column":67}},"3":{"start":{"line":19,"column":6},"end":{"line":19,"column":74}},"4":{"start":{"line":21,"column":4},"end":{"line":24,"column":6}},"5":{"start":{"line":23,"column":47},"end":{"line":23,"column":78}},"6":{"start":{"line":14,"column":0},"end":{"line":14,"column":21}}},"fnMap":{"0":{"name":"(anonymous_0)","decl":{"start":{"line":15,"column":2},"end":{"line":15,"column":31}},"loc":{"start":{"line":15,"column":67},"end":{"line":15,"column":71}}},"1":{"name":"(anonymous_1)","decl":{"start":{"line":17,"column":2},"end":{"line":17,"column":7}},"loc":{"start":{"line":17,"column":38},"end":{"line":25,"column":3}}},"2":{"name":"(anonymous_2)","decl":{"start":{"line":23,"column":35},"end":{"line":23,"column":36}},"loc":{"start":{"line":23,"column":47},"end":{"line":23,"column":78}}}},"branchMap":{},"s":{"0":1,"1":1,"2":1,"3":1,"4":1,"5":1,"6":1},"f":{"0":1,"1":1,"2":1},"b":{}}
,"/Users/mateuscoelho/Desktop/vrsoftware/api-codetalent/src/product/application/use-cases/update-product.use-case.ts": {"path":"/Users/mateuscoelho/Desktop/vrsoftware/api-codetalent/src/product/application/use-cases/update-product.use-case.ts","statementMap":{"0":{"start":{"line":1,"column":0},"end":{"line":1,"column":55}},"1":{"start":{"line":3,"column":0},"end":{"line":3,"column":45}},"2":{"start":{"line":17,"column":31},"end":{"line":17,"column":67}},"3":{"start":{"line":20,"column":25},"end":{"line":21,"column":null}},"4":{"start":{"line":24,"column":30},"end":{"line":24,"column":49}},"5":{"start":{"line":25,"column":35},"end":{"line":25,"column":47}},"6":{"start":{"line":26,"column":36},"end":{"line":26,"column":49}},"7":{"start":{"line":28,"column":4},"end":{"line":30,"column":5}},"8":{"start":{"line":29,"column":6},"end":{"line":29,"column":38}},"9":{"start":{"line":32,"column":4},"end":{"line":34,"column":5}},"10":{"start":{"line":33,"column":6},"end":{"line":33,"column":24}},"11":{"start":{"line":36,"column":4},"end":{"line":36,"column":32}},"12":{"start":{"line":38,"column":27},"end":{"line":38,"column":76}},"13":{"start":{"line":39,"column":27},"end":{"line":39,"column":76}},"14":{"start":{"line":41,"column":4},"end":{"line":43,"column":6}},"15":{"start":{"line":16,"column":0},"end":{"line":16,"column":21}}},"fnMap":{"0":{"name":"(anonymous_0)","decl":{"start":{"line":17,"column":2},"end":{"line":17,"column":31}},"loc":{"start":{"line":17,"column":67},"end":{"line":17,"column":71}}},"1":{"name":"(anonymous_1)","decl":{"start":{"line":19,"column":2},"end":{"line":19,"column":7}},"loc":{"start":{"line":19,"column":41},"end":{"line":44,"column":3}}}},"branchMap":{"0":{"loc":{"start":{"line":28,"column":4},"end":{"line":30,"column":5}},"type":"if","locations":[{"start":{"line":28,"column":4},"end":{"line":30,"column":5}}]},"1":{"loc":{"start":{"line":28,"column":8},"end":{"line":28,"column":69}},"type":"binary-expr","locations":[{"start":{"line":28,"column":8},"end":{"line":28,"column":25}},{"start":{"line":28,"column":29},"end":{"line":28,"column":69}}]},"2":{"loc":{"start":{"line":32,"column":4},"end":{"line":34,"column":5}},"type":"if","locations":[{"start":{"line":32,"column":4},"end":{"line":34,"column":5}}]},"3":{"loc":{"start":{"line":32,"column":8},"end":{"line":32,"column":48}},"type":"binary-expr","locations":[{"start":{"line":32,"column":8},"end":{"line":32,"column":18}},{"start":{"line":32,"column":22},"end":{"line":32,"column":48}}]},"4":{"loc":{"start":{"line":36,"column":12},"end":{"line":36,"column":31}},"type":"binary-expr","locations":[{"start":{"line":36,"column":12},"end":{"line":36,"column":23}},{"start":{"line":36,"column":27},"end":{"line":36,"column":31}}]}},"s":{"0":1,"1":1,"2":1,"3":1,"4":1,"5":1,"6":1,"7":1,"8":1,"9":1,"10":1,"11":1,"12":1,"13":1,"14":1,"15":1},"f":{"0":1,"1":1},"b":{"0":[1],"1":[1,1],"2":[1],"3":[1,1],"4":[1,1]}}
,"/Users/mateuscoelho/Desktop/vrsoftware/api-codetalent/src/product/application/use-cases/update-sale-price.use-case.ts": {"path":"/Users/mateuscoelho/Desktop/vrsoftware/api-codetalent/src/product/application/use-cases/update-sale-price.use-case.ts","statementMap":{"0":{"start":{"line":2,"column":0},"end":{"line":2,"column":50}},"1":{"start":{"line":15,"column":31},"end":{"line":15,"column":67}},"2":{"start":{"line":18,"column":22},"end":{"line":21,"column":null}},"3":{"start":{"line":24,"column":4},"end":{"line":26,"column":6}},"4":{"start":{"line":14,"column":0},"end":{"line":14,"column":21}}},"fnMap":{"0":{"name":"(anonymous_0)","decl":{"start":{"line":15,"column":2},"end":{"line":15,"column":31}},"loc":{"start":{"line":15,"column":67},"end":{"line":15,"column":71}}},"1":{"name":"(anonymous_1)","decl":{"start":{"line":17,"column":2},"end":{"line":17,"column":7}},"loc":{"start":{"line":17,"column":43},"end":{"line":27,"column":3}}}},"branchMap":{},"s":{"0":1,"1":1,"2":1,"3":1,"4":1},"f":{"0":1,"1":1},"b":{}}
,"/Users/mateuscoelho/Desktop/vrsoftware/api-codetalent/src/product/domain/entities/product.ts": {"path":"/Users/mateuscoelho/Desktop/vrsoftware/api-codetalent/src/product/domain/entities/product.ts","statementMap":{"0":{"start":{"line":1,"column":0},"end":{"line":1,"column":75}},"1":{"start":{"line":4,"column":2},"end":{"line":4,"column":14}},"2":{"start":{"line":5,"column":2},"end":{"line":5,"column":37}},"3":{"start":{"line":6,"column":2},"end":{"line":6,"column":16}},"4":{"start":{"line":7,"column":2},"end":{"line":7,"column":18}},"5":{"start":{"line":10,"column":4},"end":{"line":10,"column":18}},"6":{"start":{"line":11,"column":4},"end":{"line":11,"column":62}},"7":{"start":{"line":12,"column":4},"end":{"line":12,"column":41}},"8":{"start":{"line":13,"column":4},"end":{"line":13,"column":24}},"9":{"start":{"line":17,"column":23},"end":{"line":17,"column":24}},"10":{"start":{"line":18,"column":4},"end":{"line":18,"column":53}},"11":{"start":{"line":22,"column":4},"end":{"line":22,"column":20}},"12":{"start":{"line":26,"column":4},"end":{"line":26,"column":35}},"13":{"start":{"line":30,"column":4},"end":{"line":30,"column":22}},"14":{"start":{"line":34,"column":4},"end":{"line":34,"column":23}},"15":{"start":{"line":3,"column":21},"end":{"line":3,"column":null}}},"fnMap":{"0":{"name":"(anonymous_2)","decl":{"start":{"line":9,"column":2},"end":{"line":9,"column":14}},"loc":{"start":{"line":9,"column":76},"end":{"line":14,"column":3}}},"1":{"name":"(anonymous_3)","decl":{"start":{"line":16,"column":2},"end":{"line":16,"column":8}},"loc":{"start":{"line":16,"column":66},"end":{"line":19,"column":3}}},"2":{"name":"(anonymous_4)","decl":{"start":{"line":21,"column":2},"end":{"line":21,"column":6}},"loc":{"start":{"line":21,"column":8},"end":{"line":23,"column":3}}},"3":{"name":"(anonymous_5)","decl":{"start":{"line":25,"column":2},"end":{"line":25,"column":6}},"loc":{"start":{"line":25,"column":17},"end":{"line":27,"column":3}}},"4":{"name":"(anonymous_6)","decl":{"start":{"line":29,"column":2},"end":{"line":29,"column":6}},"loc":{"start":{"line":29,"column":10},"end":{"line":31,"column":3}}},"5":{"name":"(anonymous_7)","decl":{"start":{"line":33,"column":2},"end":{"line":33,"column":6}},"loc":{"start":{"line":33,"column":11},"end":{"line":35,"column":3}}}},"branchMap":{"0":{"loc":{"start":{"line":12,"column":17},"end":{"line":12,"column":40}},"type":"cond-expr","locations":[{"start":{"line":12,"column":24},"end":{"line":12,"column":36}},{"start":{"line":12,"column":39},"end":{"line":12,"column":40}}]}},"s":{"0":5,"1":8,"2":8,"3":8,"4":8,"5":8,"6":8,"7":8,"8":8,"9":1,"10":1,"11":6,"12":7,"13":7,"14":6,"15":5},"f":{"0":8,"1":1,"2":6,"3":7,"4":7,"5":6},"b":{"0":[8,0]}}
,"/Users/mateuscoelho/Desktop/vrsoftware/api-codetalent/src/product/domain/entities/sale-price.ts": {"path":"/Users/mateuscoelho/Desktop/vrsoftware/api-codetalent/src/product/domain/entities/sale-price.ts","statementMap":{"0":{"start":{"line":4,"column":2},"end":{"line":4,"column":28}},"1":{"start":{"line":5,"column":2},"end":{"line":5,"column":21}},"2":{"start":{"line":6,"column":2},"end":{"line":6,"column":21}},"3":{"start":{"line":9,"column":4},"end":{"line":9,"column":36}},"4":{"start":{"line":10,"column":4},"end":{"line":10,"column":32}},"5":{"start":{"line":11,"column":4},"end":{"line":11,"column":32}},"6":{"start":{"line":19,"column":4},"end":{"line":19,"column":60}},"7":{"start":{"line":23,"column":4},"end":{"line":23,"column":29}},"8":{"start":{"line":27,"column":4},"end":{"line":27,"column":27}},"9":{"start":{"line":31,"column":4},"end":{"line":31,"column":27}},"10":{"start":{"line":3,"column":21},"end":{"line":3,"column":null}}},"fnMap":{"0":{"name":"(anonymous_2)","decl":{"start":{"line":8,"column":2},"end":{"line":8,"column":14}},"loc":{"start":{"line":8,"column":76},"end":{"line":12,"column":3}}},"1":{"name":"(anonymous_3)","decl":{"start":{"line":14,"column":2},"end":{"line":14,"column":8}},"loc":{"start":{"line":17,"column":21},"end":{"line":20,"column":3}}},"2":{"name":"(anonymous_4)","decl":{"start":{"line":22,"column":2},"end":{"line":22,"column":6}},"loc":{"start":{"line":22,"column":17},"end":{"line":24,"column":3}}},"3":{"name":"(anonymous_5)","decl":{"start":{"line":26,"column":2},"end":{"line":26,"column":6}},"loc":{"start":{"line":26,"column":15},"end":{"line":28,"column":3}}},"4":{"name":"(anonymous_6)","decl":{"start":{"line":30,"column":2},"end":{"line":30,"column":6}},"loc":{"start":{"line":30,"column":15},"end":{"line":32,"column":3}}}},"branchMap":{},"s":{"0":5,"1":5,"2":5,"3":5,"4":5,"5":5,"6":1,"7":3,"8":3,"9":3,"10":4},"f":{"0":5,"1":1,"2":3,"3":3,"4":3},"b":{}}
,"/Users/mateuscoelho/Desktop/vrsoftware/api-codetalent/src/product/domain/errors/product-not-found.error.ts": {"path":"/Users/mateuscoelho/Desktop/vrsoftware/api-codetalent/src/product/domain/errors/product-not-found.error.ts","statementMap":{"0":{"start":{"line":1,"column":0},"end":{"line":1,"column":75}},"1":{"start":{"line":2,"column":0},"end":{"line":2,"column":67}},"2":{"start":{"line":5,"column":11},"end":{"line":5,"column":70}},"3":{"start":{"line":6,"column":11},"end":{"line":6,"column":69}},"4":{"start":{"line":4,"column":0},"end":{"line":4,"column":21}}},"fnMap":{"0":{"name":"(anonymous_0)","decl":{"start":{"line":4,"column":0},"end":{"line":4,"column":21}},"loc":{"start":{"line":4,"column":0},"end":{"line":7,"column":1}}}},"branchMap":{},"s":{"0":0,"1":0,"2":0,"3":0,"4":0},"f":{"0":0},"b":{}}
,"/Users/mateuscoelho/Desktop/vrsoftware/api-codetalent/src/product/domain/errors/sale-price-already-exists.error.ts": {"path":"/Users/mateuscoelho/Desktop/vrsoftware/api-codetalent/src/product/domain/errors/sale-price-already-exists.error.ts","statementMap":{"0":{"start":{"line":1,"column":0},"end":{"line":1,"column":75}},"1":{"start":{"line":2,"column":0},"end":{"line":2,"column":67}},"2":{"start":{"line":5,"column":11},"end":{"line":5,"column":78}},"3":{"start":{"line":6,"column":11},"end":{"line":6,"column":77}},"4":{"start":{"line":4,"column":0},"end":{"line":4,"column":21}}},"fnMap":{"0":{"name":"(anonymous_0)","decl":{"start":{"line":4,"column":0},"end":{"line":4,"column":21}},"loc":{"start":{"line":4,"column":0},"end":{"line":7,"column":1}}}},"branchMap":{},"s":{"0":0,"1":0,"2":0,"3":0,"4":0},"f":{"0":0},"b":{}}
,"/Users/mateuscoelho/Desktop/vrsoftware/api-codetalent/src/product/domain/errors/sale-price-not-found.error.ts": {"path":"/Users/mateuscoelho/Desktop/vrsoftware/api-codetalent/src/product/domain/errors/sale-price-not-found.error.ts","statementMap":{"0":{"start":{"line":1,"column":0},"end":{"line":1,"column":75}},"1":{"start":{"line":2,"column":0},"end":{"line":2,"column":67}},"2":{"start":{"line":5,"column":11},"end":{"line":5,"column":73}},"3":{"start":{"line":6,"column":11},"end":{"line":7,"column":57}},"4":{"start":{"line":4,"column":0},"end":{"line":4,"column":21}}},"fnMap":{"0":{"name":"(anonymous_0)","decl":{"start":{"line":4,"column":0},"end":{"line":4,"column":21}},"loc":{"start":{"line":4,"column":0},"end":{"line":8,"column":1}}}},"branchMap":{},"s":{"0":0,"1":0,"2":0,"3":0,"4":0},"f":{"0":0},"b":{}}
,"/Users/mateuscoelho/Desktop/vrsoftware/api-codetalent/src/product/domain/value-objects/description-product.vo.ts": {"path":"/Users/mateuscoelho/Desktop/vrsoftware/api-codetalent/src/product/domain/value-objects/description-product.vo.ts","statementMap":{"0":{"start":{"line":1,"column":0},"end":{"line":1,"column":88}},"1":{"start":{"line":2,"column":0},"end":{"line":2,"column":97}},"2":{"start":{"line":7,"column":2},"end":{"line":7,"column":17}},"3":{"start":{"line":10,"column":4},"end":{"line":12,"column":5}},"4":{"start":{"line":11,"column":6},"end":{"line":11,"column":47}},"5":{"start":{"line":14,"column":4},"end":{"line":16,"column":5}},"6":{"start":{"line":15,"column":6},"end":{"line":15,"column":51}},"7":{"start":{"line":18,"column":4},"end":{"line":18,"column":24}},"8":{"start":{"line":22,"column":4},"end":{"line":22,"column":23}},"9":{"start":{"line":5,"column":9},"end":{"line":5,"column":30}},"10":{"start":{"line":4,"column":21},"end":{"line":4,"column":null}}},"fnMap":{"0":{"name":"(anonymous_2)","decl":{"start":{"line":9,"column":2},"end":{"line":9,"column":14}},"loc":{"start":{"line":9,"column":27},"end":{"line":19,"column":3}}},"1":{"name":"(anonymous_3)","decl":{"start":{"line":21,"column":2},"end":{"line":21,"column":6}},"loc":{"start":{"line":21,"column":11},"end":{"line":23,"column":3}}}},"branchMap":{"0":{"loc":{"start":{"line":10,"column":4},"end":{"line":12,"column":5}},"type":"if","locations":[{"start":{"line":10,"column":4},"end":{"line":12,"column":5}}]},"1":{"loc":{"start":{"line":14,"column":4},"end":{"line":16,"column":5}},"type":"if","locations":[{"start":{"line":14,"column":4},"end":{"line":16,"column":5}}]}},"s":{"0":5,"1":5,"2":8,"3":8,"4":0,"5":8,"6":0,"7":8,"8":7,"9":5,"10":5},"f":{"0":8,"1":7},"b":{"0":[0],"1":[0]}}
,"/Users/mateuscoelho/Desktop/vrsoftware/api-codetalent/src/product/domain/value-objects/errors/empty-description-product.error.ts": {"path":"/Users/mateuscoelho/Desktop/vrsoftware/api-codetalent/src/product/domain/value-objects/errors/empty-description-product.error.ts","statementMap":{"0":{"start":{"line":1,"column":0},"end":{"line":1,"column":67}},"1":{"start":{"line":2,"column":0},"end":{"line":2,"column":59}},"2":{"start":{"line":5,"column":11},"end":{"line":5,"column":78}},"3":{"start":{"line":6,"column":11},"end":{"line":6,"column":72}},"4":{"start":{"line":4,"column":0},"end":{"line":4,"column":13}}},"fnMap":{"0":{"name":"(anonymous_0)","decl":{"start":{"line":4,"column":0},"end":{"line":4,"column":13}},"loc":{"start":{"line":4,"column":0},"end":{"line":7,"column":1}}}},"branchMap":{},"s":{"0":5,"1":5,"2":0,"3":0,"4":5},"f":{"0":0},"b":{}}
,"/Users/mateuscoelho/Desktop/vrsoftware/api-codetalent/src/product/domain/value-objects/errors/limit-size-description-product.error.ts": {"path":"/Users/mateuscoelho/Desktop/vrsoftware/api-codetalent/src/product/domain/value-objects/errors/limit-size-description-product.error.ts","statementMap":{"0":{"start":{"line":1,"column":0},"end":{"line":1,"column":67}},"1":{"start":{"line":2,"column":0},"end":{"line":2,"column":59}},"2":{"start":{"line":3,"column":0},"end":{"line":3,"column":61}},"3":{"start":{"line":6,"column":11},"end":{"line":6,"column":75}},"4":{"start":{"line":7,"column":11},"end":{"line":7,"column":128}},"5":{"start":{"line":5,"column":0},"end":{"line":5,"column":13}}},"fnMap":{"0":{"name":"(anonymous_0)","decl":{"start":{"line":5,"column":0},"end":{"line":5,"column":13}},"loc":{"start":{"line":5,"column":0},"end":{"line":8,"column":1}}}},"branchMap":{},"s":{"0":5,"1":5,"2":5,"3":0,"4":0,"5":5},"f":{"0":0},"b":{}}
,"/Users/mateuscoelho/Desktop/vrsoftware/api-codetalent/src/product/infra/models/product.model.ts": {"path":"/Users/mateuscoelho/Desktop/vrsoftware/api-codetalent/src/product/infra/models/product.model.ts","statementMap":{"0":{"start":{"line":1,"column":0},"end":{"line":1,"column":65}},"1":{"start":{"line":4,"column":15},"end":{"line":24,"column":null}},"2":{"start":{"line":6,"column":2},"end":{"line":6,"column":null}},"3":{"start":{"line":12,"column":2},"end":{"line":12,"column":null}},"4":{"start":{"line":20,"column":2},"end":{"line":20,"column":null}},"5":{"start":{"line":23,"column":2},"end":{"line":23,"column":null}},"6":{"start":{"line":4,"column":21},"end":{"line":24,"column":null}},"7":{"start":{"line":4,"column":21},"end":{"line":4,"column":null}}},"fnMap":{},"branchMap":{},"s":{"0":0,"1":0,"2":0,"3":0,"4":0,"5":0,"6":0,"7":0},"f":{},"b":{}}
,"/Users/mateuscoelho/Desktop/vrsoftware/api-codetalent/src/product/infra/models/sale-price.model.ts": {"path":"/Users/mateuscoelho/Desktop/vrsoftware/api-codetalent/src/product/infra/models/sale-price.model.ts","statementMap":{"0":{"start":{"line":1,"column":0},"end":{"line":1,"column":null}},"1":{"start":{"line":8,"column":0},"end":{"line":8,"column":43}},"2":{"start":{"line":9,"column":0},"end":{"line":9,"column":51}},"3":{"start":{"line":12,"column":15},"end":{"line":39,"column":null}},"4":{"start":{"line":14,"column":2},"end":{"line":14,"column":null}},"5":{"start":{"line":21,"column":2},"end":{"line":21,"column":null}},"6":{"start":{"line":16,"column":19},"end":{"line":16,"column":35}},"7":{"start":{"line":30,"column":2},"end":{"line":30,"column":null}},"8":{"start":{"line":23,"column":19},"end":{"line":23,"column":31}},"9":{"start":{"line":38,"column":2},"end":{"line":38,"column":null}},"10":{"start":{"line":12,"column":21},"end":{"line":39,"column":null}},"11":{"start":{"line":12,"column":21},"end":{"line":12,"column":null}}},"fnMap":{"0":{"name":"(anonymous_2)","decl":{"start":{"line":16,"column":13},"end":{"line":16,"column":16}},"loc":{"start":{"line":16,"column":19},"end":{"line":16,"column":35}}},"1":{"name":"(anonymous_3)","decl":{"start":{"line":23,"column":13},"end":{"line":23,"column":16}},"loc":{"start":{"line":23,"column":19},"end":{"line":23,"column":31}}}},"branchMap":{},"s":{"0":0,"1":0,"2":0,"3":0,"4":0,"5":0,"6":0,"7":0,"8":0,"9":0,"10":0,"11":0},"f":{"0":0,"1":0},"b":{}}
,"/Users/mateuscoelho/Desktop/vrsoftware/api-codetalent/src/product/infra/models/supermarket.model.ts": {"path":"/Users/mateuscoelho/Desktop/vrsoftware/api-codetalent/src/product/infra/models/supermarket.model.ts","statementMap":{"0":{"start":{"line":1,"column":0},"end":{"line":1,"column":65}},"1":{"start":{"line":4,"column":15},"end":{"line":13,"column":null}},"2":{"start":{"line":6,"column":2},"end":{"line":6,"column":null}},"3":{"start":{"line":12,"column":2},"end":{"line":12,"column":null}},"4":{"start":{"line":4,"column":21},"end":{"line":13,"column":null}},"5":{"start":{"line":4,"column":21},"end":{"line":4,"column":null}}},"fnMap":{},"branchMap":{},"s":{"0":0,"1":0,"2":0,"3":0,"4":0,"5":0},"f":{},"b":{}}
,"/Users/mateuscoelho/Desktop/vrsoftware/api-codetalent/src/product/infra/repositories/product-database.repository.ts": {"path":"/Users/mateuscoelho/Desktop/vrsoftware/api-codetalent/src/product/infra/repositories/product-database.repository.ts","statementMap":{"0":{"start":{"line":1,"column":0},"end":{"line":1,"column":97}},"1":{"start":{"line":2,"column":0},"end":{"line":2,"column":82}},"2":{"start":{"line":3,"column":0},"end":{"line":3,"column":62}},"3":{"start":{"line":4,"column":0},"end":{"line":4,"column":90}},"4":{"start":{"line":5,"column":0},"end":{"line":5,"column":75}},"5":{"start":{"line":7,"column":0},"end":{"line":7,"column":52}},"6":{"start":{"line":8,"column":0},"end":{"line":8,"column":57}},"7":{"start":{"line":15,"column":21},"end":{"line":15,"column":67}},"8":{"start":{"line":16,"column":21},"end":{"line":16,"column":71}},"9":{"start":{"line":24,"column":27},"end":{"line":33,"column":6}},"10":{"start":{"line":35,"column":4},"end":{"line":37,"column":5}},"11":{"start":{"line":36,"column":6},"end":{"line":36,"column":36}},"12":{"start":{"line":39,"column":34},"end":{"line":42,"column":6}},"13":{"start":{"line":44,"column":4},"end":{"line":51,"column":6}},"14":{"start":{"line":58,"column":22},"end":{"line":67,"column":6}},"15":{"start":{"line":69,"column":4},"end":{"line":71,"column":5}},"16":{"start":{"line":70,"column":6},"end":{"line":70,"column":36}},"17":{"start":{"line":73,"column":4},"end":{"line":75,"column":7}},"18":{"start":{"line":79,"column":20},"end":{"line":81,"column":6}},"19":{"start":{"line":83,"column":4},"end":{"line":85,"column":5}},"20":{"start":{"line":84,"column":6},"end":{"line":84,"column":39}},"21":{"start":{"line":87,"column":4},"end":{"line":89,"column":7}},"22":{"start":{"line":95,"column":25},"end":{"line":97,"column":6}},"23":{"start":{"line":99,"column":4},"end":{"line":101,"column":5}},"24":{"start":{"line":100,"column":6},"end":{"line":100,"column":39}},"25":{"start":{"line":103,"column":28},"end":{"line":110,"column":6}},"26":{"start":{"line":112,"column":29},"end":{"line":116,"column":null}},"27":{"start":{"line":119,"column":37},"end":{"line":125,"column":null}},"28":{"start":{"line":121,"column":8},"end":{"line":124,"column":null}},"29":{"start":{"line":128,"column":4},"end":{"line":128,"column":34}},"30":{"start":{"line":132,"column":25},"end":{"line":136,"column":6}},"31":{"start":{"line":138,"column":4},"end":{"line":140,"column":5}},"32":{"start":{"line":139,"column":6},"end":{"line":139,"column":39}},"33":{"start":{"line":142,"column":28},"end":{"line":151,"column":6}},"34":{"start":{"line":153,"column":4},"end":{"line":155,"column":5}},"35":{"start":{"line":154,"column":6},"end":{"line":154,"column":46}},"36":{"start":{"line":157,"column":27},"end":{"line":161,"column":6}},"37":{"start":{"line":163,"column":4},"end":{"line":167,"column":6}},"38":{"start":{"line":171,"column":25},"end":{"line":176,"column":6}},"39":{"start":{"line":178,"column":4},"end":{"line":183,"column":6}},"40":{"start":{"line":187,"column":48},"end":{"line":187,"column":50}},"41":{"start":{"line":189,"column":4},"end":{"line":191,"column":5}},"42":{"start":{"line":190,"column":6},"end":{"line":190,"column":34}},"43":{"start":{"line":193,"column":4},"end":{"line":195,"column":5}},"44":{"start":{"line":194,"column":6},"end":{"line":194,"column":58}},"45":{"start":{"line":197,"column":4},"end":{"line":199,"column":5}},"46":{"start":{"line":198,"column":6},"end":{"line":198,"column":31}},"47":{"start":{"line":201,"column":28},"end":{"line":205,"column":6}},"48":{"start":{"line":207,"column":32},"end":{"line":209,"column":null}},"49":{"start":{"line":209,"column":8},"end":{"line":209,"column":73}},"50":{"start":{"line":212,"column":4},"end":{"line":212,"column":29}},"51":{"start":{"line":13,"column":0},"end":{"line":13,"column":21}}},"fnMap":{"0":{"name":"(anonymous_0)","decl":{"start":{"line":14,"column":2},"end":{"line":14,"column":null}},"loc":{"start":{"line":16,"column":71},"end":{"line":17,"column":6}}},"1":{"name":"(anonymous_1)","decl":{"start":{"line":19,"column":2},"end":{"line":19,"column":7}},"loc":{"start":{"line":22,"column":21},"end":{"line":52,"column":3}}},"2":{"name":"(anonymous_2)","decl":{"start":{"line":54,"column":2},"end":{"line":54,"column":7}},"loc":{"start":{"line":56,"column":25},"end":{"line":76,"column":3}}},"3":{"name":"(anonymous_3)","decl":{"start":{"line":78,"column":2},"end":{"line":78,"column":7}},"loc":{"start":{"line":78,"column":32},"end":{"line":90,"column":3}}},"4":{"name":"(anonymous_4)","decl":{"start":{"line":92,"column":2},"end":{"line":92,"column":7}},"loc":{"start":{"line":93,"column":21},"end":{"line":129,"column":3}}},"5":{"name":"(anonymous_5)","decl":{"start":{"line":120,"column":6},"end":{"line":120,"column":7}},"loc":{"start":{"line":121,"column":8},"end":{"line":124,"column":null}}},"6":{"name":"(anonymous_6)","decl":{"start":{"line":131,"column":2},"end":{"line":131,"column":7}},"loc":{"start":{"line":131,"column":42},"end":{"line":168,"column":3}}},"7":{"name":"(anonymous_7)","decl":{"start":{"line":170,"column":2},"end":{"line":170,"column":7}},"loc":{"start":{"line":170,"column":29},"end":{"line":184,"column":3}}},"8":{"name":"(anonymous_8)","decl":{"start":{"line":186,"column":2},"end":{"line":186,"column":7}},"loc":{"start":{"line":186,"column":47},"end":{"line":213,"column":3}}},"9":{"name":"(anonymous_9)","decl":{"start":{"line":208,"column":6},"end":{"line":208,"column":7}},"loc":{"start":{"line":209,"column":8},"end":{"line":209,"column":73}}}},"branchMap":{"0":{"loc":{"start":{"line":35,"column":4},"end":{"line":37,"column":5}},"type":"if","locations":[{"start":{"line":35,"column":4},"end":{"line":37,"column":5}}]},"1":{"loc":{"start":{"line":69,"column":4},"end":{"line":71,"column":5}},"type":"if","locations":[{"start":{"line":69,"column":4},"end":{"line":71,"column":5}}]},"2":{"loc":{"start":{"line":83,"column":4},"end":{"line":85,"column":5}},"type":"if","locations":[{"start":{"line":83,"column":4},"end":{"line":85,"column":5}}]},"3":{"loc":{"start":{"line":99,"column":4},"end":{"line":101,"column":5}},"type":"if","locations":[{"start":{"line":99,"column":4},"end":{"line":101,"column":5}}]},"4":{"loc":{"start":{"line":138,"column":4},"end":{"line":140,"column":5}},"type":"if","locations":[{"start":{"line":138,"column":4},"end":{"line":140,"column":5}}]},"5":{"loc":{"start":{"line":153,"column":4},"end":{"line":155,"column":5}},"type":"if","locations":[{"start":{"line":153,"column":4},"end":{"line":155,"column":5}}]},"6":{"loc":{"start":{"line":172,"column":10},"end":{"line":172,"column":45}},"type":"cond-expr","locations":[{"start":{"line":172,"column":28},"end":{"line":172,"column":38}},{"start":{"line":172,"column":41},"end":{"line":172,"column":45}}]},"7":{"loc":{"start":{"line":189,"column":4},"end":{"line":191,"column":5}},"type":"if","locations":[{"start":{"line":189,"column":4},"end":{"line":191,"column":5}}]},"8":{"loc":{"start":{"line":193,"column":4},"end":{"line":195,"column":5}},"type":"if","locations":[{"start":{"line":193,"column":4},"end":{"line":195,"column":5}}]},"9":{"loc":{"start":{"line":197,"column":4},"end":{"line":199,"column":5}},"type":"if","locations":[{"start":{"line":197,"column":4},"end":{"line":199,"column":5}}]}},"s":{"0":0,"1":0,"2":0,"3":0,"4":0,"5":0,"6":0,"7":0,"8":0,"9":0,"10":0,"11":0,"12":0,"13":0,"14":0,"15":0,"16":0,"17":0,"18":0,"19":0,"20":0,"21":0,"22":0,"23":0,"24":0,"25":0,"26":0,"27":0,"28":0,"29":0,"30":0,"31":0,"32":0,"33":0,"34":0,"35":0,"36":0,"37":0,"38":0,"39":0,"40":0,"41":0,"42":0,"43":0,"44":0,"45":0,"46":0,"47":0,"48":0,"49":0,"50":0,"51":0},"f":{"0":0,"1":0,"2":0,"3":0,"4":0,"5":0,"6":0,"7":0,"8":0,"9":0},"b":{"0":[0],"1":[0],"2":[0],"3":[0],"4":[0],"5":[0],"6":[0,0],"7":[0],"8":[0],"9":[0]}}
,"/Users/mateuscoelho/Desktop/vrsoftware/api-codetalent/src/product/presentation/product.module.ts": {"path":"/Users/mateuscoelho/Desktop/vrsoftware/api-codetalent/src/product/presentation/product.module.ts","statementMap":{"0":{"start":{"line":1,"column":0},"end":{"line":1,"column":40}},"1":{"start":{"line":2,"column":0},"end":{"line":2,"column":48}},"2":{"start":{"line":3,"column":0},"end":{"line":3,"column":63}},"3":{"start":{"line":4,"column":0},"end":{"line":4,"column":68}},"4":{"start":{"line":5,"column":0},"end":{"line":5,"column":71}},"5":{"start":{"line":6,"column":0},"end":{"line":6,"column":65}},"6":{"start":{"line":7,"column":0},"end":{"line":7,"column":49}},"7":{"start":{"line":16,"column":7},"end":{"line":16,"column":null}},"8":{"start":{"line":16,"column":13},"end":{"line":16,"column":26}},"9":{"start":{"line":16,"column":13},"end":{"line":16,"column":null}}},"fnMap":{},"branchMap":{},"s":{"0":0,"1":0,"2":0,"3":0,"4":0,"5":0,"6":0,"7":0,"8":0,"9":0},"f":{},"b":{}}
,"/Users/mateuscoelho/Desktop/vrsoftware/api-codetalent/src/product/presentation/product.provider.ts": {"path":"/Users/mateuscoelho/Desktop/vrsoftware/api-codetalent/src/product/presentation/product.provider.ts","statementMap":{"0":{"start":{"line":1,"column":0},"end":{"line":1,"column":50}},"1":{"start":{"line":2,"column":0},"end":{"line":2,"column":53}},"2":{"start":{"line":3,"column":0},"end":{"line":3,"column":110}},"3":{"start":{"line":4,"column":0},"end":{"line":4,"column":90}},"4":{"start":{"line":5,"column":0},"end":{"line":5,"column":90}},"5":{"start":{"line":6,"column":0},"end":{"line":6,"column":95}},"6":{"start":{"line":7,"column":0},"end":{"line":7,"column":88}},"7":{"start":{"line":8,"column":0},"end":{"line":8,"column":84}},"8":{"start":{"line":9,"column":0},"end":{"line":9,"column":90}},"9":{"start":{"line":10,"column":0},"end":{"line":10,"column":95}},"10":{"start":{"line":11,"column":0},"end":{"line":11,"column":63}},"11":{"start":{"line":12,"column":0},"end":{"line":12,"column":68}},"12":{"start":{"line":13,"column":0},"end":{"line":13,"column":71}},"13":{"start":{"line":14,"column":0},"end":{"line":14,"column":96}},"14":{"start":{"line":15,"column":0},"end":{"line":15,"column":108}},"15":{"start":{"line":21,"column":4},"end":{"line":45,"column":6}},"16":{"start":{"line":28,"column":10},"end":{"line":31,"column":12}},"17":{"start":{"line":41,"column":10},"end":{"line":41,"column":63}},"18":{"start":{"line":49,"column":4},"end":{"line":112,"column":6}},"19":{"start":{"line":53,"column":10},"end":{"line":53,"column":63}},"20":{"start":{"line":60,"column":10},"end":{"line":60,"column":61}},"21":{"start":{"line":67,"column":10},"end":{"line":67,"column":63}},"22":{"start":{"line":74,"column":10},"end":{"line":74,"column":61}},"23":{"start":{"line":81,"column":10},"end":{"line":81,"column":60}},"24":{"start":{"line":88,"column":10},"end":{"line":88,"column":58}},"25":{"start":{"line":95,"column":10},"end":{"line":95,"column":61}},"26":{"start":{"line":105,"column":10},"end":{"line":108,"column":12}},"27":{"start":{"line":116,"column":4},"end":{"line":116,"column":20}},"28":{"start":{"line":120,"column":4},"end":{"line":120,"column":70}},"29":{"start":{"line":19,"column":0},"end":{"line":19,"column":21}}},"fnMap":{"0":{"name":"(anonymous_0)","decl":{"start":{"line":20,"column":10},"end":{"line":20,"column":16}},"loc":{"start":{"line":20,"column":26},"end":{"line":46,"column":3}}},"1":{"name":"(anonymous_1)","decl":{"start":{"line":24,"column":20},"end":{"line":24,"column":null}},"loc":{"start":{"line":27,"column":12},"end":{"line":32,"column":9}}},"2":{"name":"(anonymous_2)","decl":{"start":{"line":40,"column":20},"end":{"line":40,"column":21}},"loc":{"start":{"line":40,"column":65},"end":{"line":42,"column":9}}},"3":{"name":"(anonymous_3)","decl":{"start":{"line":48,"column":10},"end":{"line":48,"column":16}},"loc":{"start":{"line":48,"column":32},"end":{"line":113,"column":3}}},"4":{"name":"(anonymous_4)","decl":{"start":{"line":52,"column":20},"end":{"line":52,"column":21}},"loc":{"start":{"line":52,"column":69},"end":{"line":54,"column":9}}},"5":{"name":"(anonymous_5)","decl":{"start":{"line":59,"column":20},"end":{"line":59,"column":21}},"loc":{"start":{"line":59,"column":69},"end":{"line":61,"column":9}}},"6":{"name":"(anonymous_6)","decl":{"start":{"line":66,"column":20},"end":{"line":66,"column":21}},"loc":{"start":{"line":66,"column":69},"end":{"line":68,"column":9}}},"7":{"name":"(anonymous_7)","decl":{"start":{"line":73,"column":20},"end":{"line":73,"column":21}},"loc":{"start":{"line":73,"column":69},"end":{"line":75,"column":9}}},"8":{"name":"(anonymous_8)","decl":{"start":{"line":80,"column":20},"end":{"line":80,"column":21}},"loc":{"start":{"line":80,"column":69},"end":{"line":82,"column":9}}},"9":{"name":"(anonymous_9)","decl":{"start":{"line":87,"column":20},"end":{"line":87,"column":21}},"loc":{"start":{"line":87,"column":69},"end":{"line":89,"column":9}}},"10":{"name":"(anonymous_10)","decl":{"start":{"line":94,"column":20},"end":{"line":94,"column":21}},"loc":{"start":{"line":94,"column":69},"end":{"line":96,"column":9}}},"11":{"name":"(anonymous_11)","decl":{"start":{"line":101,"column":20},"end":{"line":101,"column":null}},"loc":{"start":{"line":104,"column":12},"end":{"line":109,"column":9}}},"12":{"name":"(anonymous_12)","decl":{"start":{"line":115,"column":10},"end":{"line":115,"column":16}},"loc":{"start":{"line":115,"column":33},"end":{"line":117,"column":3}}},"13":{"name":"(anonymous_13)","decl":{"start":{"line":119,"column":2},"end":{"line":119,"column":8}},"loc":{"start":{"line":119,"column":19},"end":{"line":121,"column":3}}}},"branchMap":{},"s":{"0":0,"1":0,"2":0,"3":0,"4":0,"5":0,"6":0,"7":0,"8":0,"9":0,"10":0,"11":0,"12":0,"13":0,"14":0,"15":0,"16":0,"17":0,"18":0,"19":0,"20":0,"21":0,"22":0,"23":0,"24":0,"25":0,"26":0,"27":0,"28":0,"29":0},"f":{"0":0,"1":0,"2":0,"3":0,"4":0,"5":0,"6":0,"7":0,"8":0,"9":0,"10":0,"11":0,"12":0,"13":0},"b":{}}
,"/Users/mateuscoelho/Desktop/vrsoftware/api-codetalent/src/product/presentation/controllers/product.controller.ts": {"path":"/Users/mateuscoelho/Desktop/vrsoftware/api-codetalent/src/product/presentation/controllers/product.controller.ts","statementMap":{"0":{"start":{"line":1,"column":0},"end":{"line":1,"column":87}},"1":{"start":{"line":2,"column":0},"end":{"line":2,"column":null}},"2":{"start":{"line":17,"column":0},"end":{"line":17,"column":59}},"3":{"start":{"line":18,"column":0},"end":{"line":18,"column":110}},"4":{"start":{"line":19,"column":0},"end":{"line":19,"column":90}},"5":{"start":{"line":20,"column":0},"end":{"line":20,"column":90}},"6":{"start":{"line":21,"column":0},"end":{"line":21,"column":95}},"7":{"start":{"line":22,"column":0},"end":{"line":22,"column":88}},"8":{"start":{"line":23,"column":0},"end":{"line":23,"column":84}},"9":{"start":{"line":24,"column":0},"end":{"line":24,"column":90}},"10":{"start":{"line":25,"column":0},"end":{"line":25,"column":95}},"11":{"start":{"line":26,"column":0},"end":{"line":26,"column":71}},"12":{"start":{"line":27,"column":0},"end":{"line":27,"column":66}},"13":{"start":{"line":28,"column":0},"end":{"line":28,"column":64}},"14":{"start":{"line":29,"column":0},"end":{"line":29,"column":62}},"15":{"start":{"line":32,"column":15},"end":{"line":126,"column":null}},"16":{"start":{"line":34,"column":21},"end":{"line":34,"column":42}},"17":{"start":{"line":35,"column":21},"end":{"line":35,"column":40}},"18":{"start":{"line":36,"column":21},"end":{"line":36,"column":42}},"19":{"start":{"line":37,"column":21},"end":{"line":37,"column":52}},"20":{"start":{"line":38,"column":21},"end":{"line":38,"column":43}},"21":{"start":{"line":39,"column":21},"end":{"line":39,"column":45}},"22":{"start":{"line":40,"column":21},"end":{"line":40,"column":43}},"23":{"start":{"line":41,"column":21},"end":{"line":41,"column":45}},"24":{"start":{"line":47,"column":4},"end":{"line":47,"column":63}},"25":{"start":{"line":53,"column":4},"end":{"line":53,"column":57}},"26":{"start":{"line":60,"column":4},"end":{"line":63,"column":7}},"27":{"start":{"line":73,"column":4},"end":{"line":77,"column":7}},"28":{"start":{"line":87,"column":4},"end":{"line":91,"column":7}},"29":{"start":{"line":100,"column":4},"end":{"line":104,"column":7}},"30":{"start":{"line":110,"column":4},"end":{"line":112,"column":7}},"31":{"start":{"line":121,"column":4},"end":{"line":124,"column":7}},"32":{"start":{"line":46,"column":8},"end":{"line":48,"column":null}},"33":{"start":{"line":52,"column":8},"end":{"line":54,"column":null}},"34":{"start":{"line":59,"column":8},"end":{"line":64,"column":null}},"35":{"start":{"line":68,"column":8},"end":{"line":78,"column":null}},"36":{"start":{"line":82,"column":8},"end":{"line":92,"column":null}},"37":{"start":{"line":95,"column":8},"end":{"line":105,"column":null}},"38":{"start":{"line":109,"column":8},"end":{"line":113,"column":null}},"39":{"start":{"line":117,"column":8},"end":{"line":125,"column":null}},"40":{"start":{"line":32,"column":21},"end":{"line":126,"column":null}},"41":{"start":{"line":32,"column":21},"end":{"line":32,"column":null}}},"fnMap":{"0":{"name":"(anonymous_4)","decl":{"start":{"line":33,"column":2},"end":{"line":33,"column":null}},"loc":{"start":{"line":41,"column":67},"end":{"line":42,"column":6}}},"1":{"name":"(anonymous_5)","decl":{"start":{"line":46,"column":2},"end":{"line":46,"column":7}},"loc":{"start":{"line":46,"column":49},"end":{"line":48,"column":3}}},"2":{"name":"(anonymous_6)","decl":{"start":{"line":52,"column":2},"end":{"line":52,"column":7}},"loc":{"start":{"line":52,"column":54},"end":{"line":54,"column":3}}},"3":{"name":"(anonymous_7)","decl":{"start":{"line":59,"column":2},"end":{"line":59,"column":7}},"loc":{"start":{"line":59,"column":77},"end":{"line":64,"column":3}}},"4":{"name":"(anonymous_8)","decl":{"start":{"line":68,"column":2},"end":{"line":68,"column":7}},"loc":{"start":{"line":71,"column":24},"end":{"line":78,"column":3}}},"5":{"name":"(anonymous_9)","decl":{"start":{"line":82,"column":2},"end":{"line":82,"column":7}},"loc":{"start":{"line":85,"column":39},"end":{"line":92,"column":3}}},"6":{"name":"(anonymous_10)","decl":{"start":{"line":95,"column":2},"end":{"line":95,"column":7}},"loc":{"start":{"line":98,"column":39},"end":{"line":105,"column":3}}},"7":{"name":"(anonymous_11)","decl":{"start":{"line":109,"column":2},"end":{"line":109,"column":7}},"loc":{"start":{"line":109,"column":52},"end":{"line":113,"column":3}}},"8":{"name":"(anonymous_12)","decl":{"start":{"line":117,"column":2},"end":{"line":117,"column":7}},"loc":{"start":{"line":119,"column":49},"end":{"line":125,"column":3}}}},"branchMap":{},"s":{"0":0,"1":0,"2":0,"3":0,"4":0,"5":0,"6":0,"7":0,"8":0,"9":0,"10":0,"11":0,"12":0,"13":0,"14":0,"15":0,"16":0,"17":0,"18":0,"19":0,"20":0,"21":0,"22":0,"23":0,"24":0,"25":0,"26":0,"27":0,"28":0,"29":0,"30":0,"31":0,"32":0,"33":0,"34":0,"35":0,"36":0,"37":0,"38":0,"39":0,"40":0,"41":0},"f":{"0":0,"1":0,"2":0,"3":0,"4":0,"5":0,"6":0,"7":0,"8":0},"b":{}}
,"/Users/mateuscoelho/Desktop/vrsoftware/api-codetalent/src/product/presentation/dtos/input-assign-sale-price.dto.ts": {"path":"/Users/mateuscoelho/Desktop/vrsoftware/api-codetalent/src/product/presentation/dtos/input-assign-sale-price.dto.ts","statementMap":{"0":{"start":{"line":1,"column":0},"end":{"line":1,"column":46}},"1":{"start":{"line":2,"column":0},"end":{"line":2,"column":43}},"2":{"start":{"line":4,"column":0},"end":{"line":4,"column":21}},"3":{"start":{"line":7,"column":2},"end":{"line":7,"column":null}},"4":{"start":{"line":6,"column":28},"end":{"line":6,"column":45}}},"fnMap":{"0":{"name":"(anonymous_2)","decl":{"start":{"line":6,"column":13},"end":{"line":6,"column":14}},"loc":{"start":{"line":6,"column":28},"end":{"line":6,"column":45}}}},"branchMap":{},"s":{"0":0,"1":0,"2":0,"3":0,"4":0},"f":{"0":0},"b":{}}
,"/Users/mateuscoelho/Desktop/vrsoftware/api-codetalent/src/product/presentation/dtos/input-create-product.dto.ts": {"path":"/Users/mateuscoelho/Desktop/vrsoftware/api-codetalent/src/product/presentation/dtos/input-create-product.dto.ts","statementMap":{"0":{"start":{"line":1,"column":0},"end":{"line":1,"column":46}},"1":{"start":{"line":2,"column":0},"end":{"line":2,"column":null}},"2":{"start":{"line":10,"column":0},"end":{"line":10,"column":21}},"3":{"start":{"line":14,"column":2},"end":{"line":14,"column":null}},"4":{"start":{"line":19,"column":2},"end":{"line":19,"column":null}},"5":{"start":{"line":18,"column":28},"end":{"line":18,"column":45}}},"fnMap":{"0":{"name":"(anonymous_2)","decl":{"start":{"line":18,"column":13},"end":{"line":18,"column":14}},"loc":{"start":{"line":18,"column":28},"end":{"line":18,"column":45}}}},"branchMap":{},"s":{"0":0,"1":0,"2":0,"3":0,"4":0,"5":0},"f":{"0":0},"b":{}}
,"/Users/mateuscoelho/Desktop/vrsoftware/api-codetalent/src/product/presentation/dtos/input-find-products.dto.ts": {"path":"/Users/mateuscoelho/Desktop/vrsoftware/api-codetalent/src/product/presentation/dtos/input-find-products.dto.ts","statementMap":{"0":{"start":{"line":1,"column":0},"end":{"line":1,"column":46}},"1":{"start":{"line":2,"column":0},"end":{"line":2,"column":76}},"2":{"start":{"line":4,"column":0},"end":{"line":4,"column":21}},"3":{"start":{"line":8,"column":2},"end":{"line":8,"column":null}},"4":{"start":{"line":7,"column":28},"end":{"line":7,"column":43}},"5":{"start":{"line":13,"column":2},"end":{"line":13,"column":null}},"6":{"start":{"line":18,"column":2},"end":{"line":18,"column":null}},"7":{"start":{"line":17,"column":28},"end":{"line":17,"column":45}},"8":{"start":{"line":23,"column":2},"end":{"line":23,"column":null}},"9":{"start":{"line":22,"column":28},"end":{"line":22,"column":45}},"10":{"start":{"line":27,"column":2},"end":{"line":27,"column":null}},"11":{"start":{"line":26,"column":28},"end":{"line":26,"column":43}},"12":{"start":{"line":31,"column":2},"end":{"line":31,"column":null}},"13":{"start":{"line":30,"column":28},"end":{"line":30,"column":43}}},"fnMap":{"0":{"name":"(anonymous_2)","decl":{"start":{"line":7,"column":13},"end":{"line":7,"column":14}},"loc":{"start":{"line":7,"column":28},"end":{"line":7,"column":43}}},"1":{"name":"(anonymous_3)","decl":{"start":{"line":17,"column":13},"end":{"line":17,"column":14}},"loc":{"start":{"line":17,"column":28},"end":{"line":17,"column":45}}},"2":{"name":"(anonymous_4)","decl":{"start":{"line":22,"column":13},"end":{"line":22,"column":14}},"loc":{"start":{"line":22,"column":28},"end":{"line":22,"column":45}}},"3":{"name":"(anonymous_5)","decl":{"start":{"line":26,"column":13},"end":{"line":26,"column":14}},"loc":{"start":{"line":26,"column":28},"end":{"line":26,"column":43}}},"4":{"name":"(anonymous_6)","decl":{"start":{"line":30,"column":13},"end":{"line":30,"column":14}},"loc":{"start":{"line":30,"column":28},"end":{"line":30,"column":43}}}},"branchMap":{},"s":{"0":0,"1":0,"2":0,"3":0,"4":0,"5":0,"6":0,"7":0,"8":0,"9":0,"10":0,"11":0,"12":0,"13":0},"f":{"0":0,"1":0,"2":0,"3":0,"4":0},"b":{}}
,"/Users/mateuscoelho/Desktop/vrsoftware/api-codetalent/src/product/presentation/dtos/input-update-product.ts": {"path":"/Users/mateuscoelho/Desktop/vrsoftware/api-codetalent/src/product/presentation/dtos/input-update-product.ts","statementMap":{"0":{"start":{"line":1,"column":0},"end":{"line":1,"column":46}},"1":{"start":{"line":2,"column":0},"end":{"line":2,"column":null}},"2":{"start":{"line":10,"column":0},"end":{"line":10,"column":21}},"3":{"start":{"line":15,"column":2},"end":{"line":15,"column":null}},"4":{"start":{"line":20,"column":2},"end":{"line":20,"column":null}},"5":{"start":{"line":19,"column":28},"end":{"line":19,"column":45}}},"fnMap":{"0":{"name":"(anonymous_2)","decl":{"start":{"line":19,"column":13},"end":{"line":19,"column":14}},"loc":{"start":{"line":19,"column":28},"end":{"line":19,"column":45}}}},"branchMap":{},"s":{"0":0,"1":0,"2":0,"3":0,"4":0,"5":0},"f":{"0":0},"b":{}}
,"/Users/mateuscoelho/Desktop/vrsoftware/api-codetalent/src/supermarket/application/dtos/supermarket.dto.ts": {"path":"/Users/mateuscoelho/Desktop/vrsoftware/api-codetalent/src/supermarket/application/dtos/supermarket.dto.ts","statementMap":{"0":{"start":{"line":5,"column":13},"end":{"line":5,"column":23}},"1":{"start":{"line":6,"column":13},"end":{"line":6,"column":32}},"2":{"start":{"line":10,"column":4},"end":{"line":10,"column":61}},"3":{"start":{"line":3,"column":0},"end":{"line":3,"column":21}}},"fnMap":{"0":{"name":"(anonymous_0)","decl":{"start":{"line":4,"column":2},"end":{"line":4,"column":null}},"loc":{"start":{"line":6,"column":32},"end":{"line":7,"column":6}}},"1":{"name":"(anonymous_1)","decl":{"start":{"line":9,"column":2},"end":{"line":9,"column":8}},"loc":{"start":{"line":9,"column":39},"end":{"line":11,"column":3}}}},"branchMap":{},"s":{"0":3,"1":3,"2":3,"3":3},"f":{"0":3,"1":3},"b":{}}
,"/Users/mateuscoelho/Desktop/vrsoftware/api-codetalent/src/supermarket/application/use-cases/find-supermarkets.use-case.ts": {"path":"/Users/mateuscoelho/Desktop/vrsoftware/api-codetalent/src/supermarket/application/use-cases/find-supermarkets.use-case.ts","statementMap":{"0":{"start":{"line":2,"column":0},"end":{"line":2,"column":53}},"1":{"start":{"line":9,"column":31},"end":{"line":9,"column":75}},"2":{"start":{"line":12,"column":25},"end":{"line":12,"column":67}},"3":{"start":{"line":14,"column":4},"end":{"line":18,"column":6}},"4":{"start":{"line":16,"column":8},"end":{"line":16,"column":41}},"5":{"start":{"line":8,"column":0},"end":{"line":8,"column":21}}},"fnMap":{"0":{"name":"(anonymous_0)","decl":{"start":{"line":9,"column":2},"end":{"line":9,"column":31}},"loc":{"start":{"line":9,"column":75},"end":{"line":9,"column":79}}},"1":{"name":"(anonymous_1)","decl":{"start":{"line":11,"column":2},"end":{"line":11,"column":7}},"loc":{"start":{"line":11,"column":15},"end":{"line":19,"column":3}}},"2":{"name":"(anonymous_2)","decl":{"start":{"line":15,"column":37},"end":{"line":15,"column":38}},"loc":{"start":{"line":16,"column":8},"end":{"line":16,"column":41}}}},"branchMap":{},"s":{"0":0,"1":0,"2":0,"3":0,"4":0,"5":0},"f":{"0":0,"1":0,"2":0},"b":{}}
,"/Users/mateuscoelho/Desktop/vrsoftware/api-codetalent/src/supermarket/domain/entities/supermarket.ts": {"path":"/Users/mateuscoelho/Desktop/vrsoftware/api-codetalent/src/supermarket/domain/entities/supermarket.ts","statementMap":{"0":{"start":{"line":2,"column":2},"end":{"line":2,"column":14}},"1":{"start":{"line":3,"column":2},"end":{"line":3,"column":23}},"2":{"start":{"line":6,"column":4},"end":{"line":6,"column":18}},"3":{"start":{"line":7,"column":4},"end":{"line":7,"column":36}},"4":{"start":{"line":11,"column":4},"end":{"line":11,"column":20}},"5":{"start":{"line":15,"column":4},"end":{"line":15,"column":29}},"6":{"start":{"line":1,"column":21},"end":{"line":1,"column":null}}},"fnMap":{"0":{"name":"(anonymous_2)","decl":{"start":{"line":5,"column":2},"end":{"line":5,"column":14}},"loc":{"start":{"line":5,"column":45},"end":{"line":8,"column":3}}},"1":{"name":"(anonymous_3)","decl":{"start":{"line":10,"column":2},"end":{"line":10,"column":6}},"loc":{"start":{"line":10,"column":8},"end":{"line":12,"column":3}}},"2":{"name":"(anonymous_4)","decl":{"start":{"line":14,"column":2},"end":{"line":14,"column":6}},"loc":{"start":{"line":14,"column":17},"end":{"line":16,"column":3}}}},"branchMap":{},"s":{"0":5,"1":5,"2":5,"3":5,"4":4,"5":4,"6":4},"f":{"0":5,"1":4,"2":4},"b":{}}
,"/Users/mateuscoelho/Desktop/vrsoftware/api-codetalent/src/supermarket/domain/errors/supermarket-not-found.error.ts": {"path":"/Users/mateuscoelho/Desktop/vrsoftware/api-codetalent/src/supermarket/domain/errors/supermarket-not-found.error.ts","statementMap":{"0":{"start":{"line":1,"column":0},"end":{"line":1,"column":75}},"1":{"start":{"line":2,"column":0},"end":{"line":2,"column":67}},"2":{"start":{"line":5,"column":11},"end":{"line":5,"column":74}},"3":{"start":{"line":6,"column":11},"end":{"line":6,"column":66}},"4":{"start":{"line":4,"column":0},"end":{"line":4,"column":21}}},"fnMap":{"0":{"name":"(anonymous_0)","decl":{"start":{"line":4,"column":0},"end":{"line":4,"column":21}},"loc":{"start":{"line":4,"column":0},"end":{"line":7,"column":1}}}},"branchMap":{},"s":{"0":0,"1":0,"2":0,"3":0,"4":0},"f":{"0":0},"b":{}}
,"/Users/mateuscoelho/Desktop/vrsoftware/api-codetalent/src/supermarket/infra/repositories/supermarket-database.repository.ts": {"path":"/Users/mateuscoelho/Desktop/vrsoftware/api-codetalent/src/supermarket/infra/repositories/supermarket-database.repository.ts","statementMap":{"0":{"start":{"line":3,"column":0},"end":{"line":3,"column":60}},"1":{"start":{"line":4,"column":0},"end":{"line":4,"column":87}},"2":{"start":{"line":10,"column":31},"end":{"line":10,"column":74}},"3":{"start":{"line":13,"column":19},"end":{"line":13,"column":50}},"4":{"start":{"line":15,"column":4},"end":{"line":15,"column":79}},"5":{"start":{"line":15,"column":33},"end":{"line":15,"column":77}},"6":{"start":{"line":19,"column":18},"end":{"line":23,"column":6}},"7":{"start":{"line":25,"column":4},"end":{"line":27,"column":5}},"8":{"start":{"line":26,"column":6},"end":{"line":26,"column":43}},"9":{"start":{"line":29,"column":4},"end":{"line":29,"column":56}},"10":{"start":{"line":7,"column":0},"end":{"line":7,"column":21}}},"fnMap":{"0":{"name":"(anonymous_0)","decl":{"start":{"line":10,"column":2},"end":{"line":10,"column":31}},"loc":{"start":{"line":10,"column":74},"end":{"line":10,"column":78}}},"1":{"name":"(anonymous_1)","decl":{"start":{"line":12,"column":2},"end":{"line":12,"column":7}},"loc":{"start":{"line":12,"column":15},"end":{"line":16,"column":3}}},"2":{"name":"(anonymous_2)","decl":{"start":{"line":15,"column":22},"end":{"line":15,"column":23}},"loc":{"start":{"line":15,"column":33},"end":{"line":15,"column":77}}},"3":{"name":"(anonymous_3)","decl":{"start":{"line":18,"column":2},"end":{"line":18,"column":7}},"loc":{"start":{"line":18,"column":41},"end":{"line":30,"column":3}}}},"branchMap":{"0":{"loc":{"start":{"line":25,"column":4},"end":{"line":27,"column":5}},"type":"if","locations":[{"start":{"line":25,"column":4},"end":{"line":27,"column":5}}]}},"s":{"0":0,"1":0,"2":0,"3":0,"4":0,"5":0,"6":0,"7":0,"8":0,"9":0,"10":0},"f":{"0":0,"1":0,"2":0,"3":0},"b":{"0":[0]}}
,"/Users/mateuscoelho/Desktop/vrsoftware/api-codetalent/src/supermarket/presentation/supermarket.module.ts": {"path":"/Users/mateuscoelho/Desktop/vrsoftware/api-codetalent/src/supermarket/presentation/supermarket.module.ts","statementMap":{"0":{"start":{"line":1,"column":0},"end":{"line":1,"column":40}},"1":{"start":{"line":2,"column":0},"end":{"line":2,"column":48}},"2":{"start":{"line":3,"column":0},"end":{"line":3,"column":71}},"3":{"start":{"line":4,"column":0},"end":{"line":4,"column":73}},"4":{"start":{"line":5,"column":0},"end":{"line":5,"column":57}},"5":{"start":{"line":12,"column":7},"end":{"line":12,"column":null}},"6":{"start":{"line":12,"column":13},"end":{"line":12,"column":30}},"7":{"start":{"line":12,"column":13},"end":{"line":12,"column":null}}},"fnMap":{},"branchMap":{},"s":{"0":0,"1":0,"2":0,"3":0,"4":0,"5":0,"6":0,"7":0},"f":{},"b":{}}
,"/Users/mateuscoelho/Desktop/vrsoftware/api-codetalent/src/supermarket/presentation/supermarket.provider.ts": {"path":"/Users/mateuscoelho/Desktop/vrsoftware/api-codetalent/src/supermarket/presentation/supermarket.provider.ts","statementMap":{"0":{"start":{"line":1,"column":0},"end":{"line":1,"column":50}},"1":{"start":{"line":2,"column":0},"end":{"line":2,"column":71}},"2":{"start":{"line":3,"column":0},"end":{"line":3,"column":100}},"3":{"start":{"line":4,"column":0},"end":{"line":4,"column":108}},"4":{"start":{"line":6,"column":0},"end":{"line":6,"column":37}},"5":{"start":{"line":10,"column":4},"end":{"line":21,"column":6}},"6":{"start":{"line":15,"column":12},"end":{"line":15,"column":54}},"7":{"start":{"line":17,"column":10},"end":{"line":17,"column":74}},"8":{"start":{"line":25,"column":4},"end":{"line":33,"column":6}},"9":{"start":{"line":29,"column":10},"end":{"line":29,"column":68}},"10":{"start":{"line":37,"column":4},"end":{"line":37,"column":20}},"11":{"start":{"line":41,"column":4},"end":{"line":41,"column":70}},"12":{"start":{"line":8,"column":0},"end":{"line":8,"column":21}}},"fnMap":{"0":{"name":"(anonymous_0)","decl":{"start":{"line":9,"column":10},"end":{"line":9,"column":16}},"loc":{"start":{"line":9,"column":26},"end":{"line":22,"column":3}}},"1":{"name":"(anonymous_1)","decl":{"start":{"line":13,"column":20},"end":{"line":13,"column":21}},"loc":{"start":{"line":13,"column":47},"end":{"line":18,"column":9}}},"2":{"name":"(anonymous_2)","decl":{"start":{"line":24,"column":10},"end":{"line":24,"column":16}},"loc":{"start":{"line":24,"column":32},"end":{"line":34,"column":3}}},"3":{"name":"(anonymous_3)","decl":{"start":{"line":28,"column":20},"end":{"line":28,"column":21}},"loc":{"start":{"line":28,"column":77},"end":{"line":30,"column":9}}},"4":{"name":"(anonymous_4)","decl":{"start":{"line":36,"column":10},"end":{"line":36,"column":16}},"loc":{"start":{"line":36,"column":33},"end":{"line":38,"column":3}}},"5":{"name":"(anonymous_5)","decl":{"start":{"line":40,"column":2},"end":{"line":40,"column":8}},"loc":{"start":{"line":40,"column":19},"end":{"line":42,"column":3}}}},"branchMap":{},"s":{"0":0,"1":0,"2":0,"3":0,"4":0,"5":0,"6":0,"7":0,"8":0,"9":0,"10":0,"11":0,"12":0},"f":{"0":0,"1":0,"2":0,"3":0,"4":0,"5":0},"b":{}}
,"/Users/mateuscoelho/Desktop/vrsoftware/api-codetalent/src/supermarket/presentation/controllers/supermarket.controller.ts": {"path":"/Users/mateuscoelho/Desktop/vrsoftware/api-codetalent/src/supermarket/presentation/controllers/supermarket.controller.ts","statementMap":{"0":{"start":{"line":1,"column":0},"end":{"line":1,"column":49}},"1":{"start":{"line":2,"column":0},"end":{"line":2,"column":100}},"2":{"start":{"line":5,"column":15},"end":{"line":14,"column":null}},"3":{"start":{"line":7,"column":21},"end":{"line":7,"column":46}},"4":{"start":{"line":12,"column":4},"end":{"line":12,"column":56}},"5":{"start":{"line":11,"column":8},"end":{"line":13,"column":null}},"6":{"start":{"line":5,"column":21},"end":{"line":14,"column":null}},"7":{"start":{"line":5,"column":21},"end":{"line":5,"column":null}}},"fnMap":{"0":{"name":"(anonymous_2)","decl":{"start":{"line":6,"column":2},"end":{"line":6,"column":null}},"loc":{"start":{"line":7,"column":69},"end":{"line":8,"column":6}}},"1":{"name":"(anonymous_3)","decl":{"start":{"line":11,"column":2},"end":{"line":11,"column":7}},"loc":{"start":{"line":11,"column":24},"end":{"line":13,"column":3}}}},"branchMap":{},"s":{"0":0,"1":0,"2":0,"3":0,"4":0,"5":0,"6":0,"7":0},"f":{"0":0,"1":0},"b":{}}
}
