TN:
SF:src/app.module.ts
FN:18,(anonymous_1)
FNF:1
FNH:0
FNDA:0,(anonymous_1)
DA:1,0
DA:2,0
DA:3,0
DA:4,0
DA:5,0
DA:6,0
DA:7,0
DA:8,0
DA:18,0
DA:35,0
LF:10
LH:0
BRF:0
BRH:0
end_of_record
TN:
SF:src/main.ts
FN:11,bootstrap
FNF:1
FNH:0
FNDA:0,bootstrap
DA:1,0
DA:3,0
DA:4,0
DA:5,0
DA:6,0
DA:7,0
DA:8,0
DA:9,0
DA:12,0
DA:14,0
DA:15,0
DA:21,0
DA:22,0
DA:23,0
DA:25,0
DA:26,0
DA:28,0
DA:29,0
DA:31,0
DA:32,0
DA:37,0
LF:21
LH:0
BRDA:28,0,0,0
BRDA:28,0,1,0
BRF:2
BRH:0
end_of_record
TN:
SF:src/core/domain/enums/code-error.enum.ts
FN:1,(anonymous_0)
FN:11,(anonymous_1)
FN:12,getStatusCode
FNF:3
FNH:2
FNDA:5,(anonymous_0)
FNDA:5,(anonymous_1)
FNDA:0,getStatusCode
DA:1,5
DA:2,5
DA:3,5
DA:4,5
DA:5,5
DA:6,5
DA:7,5
DA:8,5
DA:11,5
DA:12,5
DA:13,0
DA:16,0
DA:21,0
DA:24,0
DA:27,0
LF:15
LH:10
BRDA:1,0,0,5
BRDA:1,0,1,5
BRDA:13,1,0,0
BRDA:13,1,1,0
BRDA:13,1,2,0
BRDA:13,1,3,0
BRDA:13,1,4,0
BRDA:13,1,5,0
BRDA:13,1,6,0
BRDA:11,2,0,5
BRDA:11,2,1,0
BRF:11
BRH:3
end_of_record
TN:
SF:src/core/domain/errors/domain.error.ts
FNF:0
FNH:0
DA:3,5
LF:1
LH:1
BRF:0
BRH:0
end_of_record
TN:
SF:src/core/infra/database/data-source.ts
FNF:0
FNH:0
DA:1,0
DA:2,0
DA:4,0
DA:6,0
DA:15,0
LF:5
LH:0
BRF:0
BRH:0
end_of_record
TN:
SF:src/core/infra/database/migrations/1720456660115-migrations.ts
FN:4,(anonymous_0)
FN:15,(anonymous_1)
FNF:2
FNH:0
FNDA:0,(anonymous_0)
FNDA:0,(anonymous_1)
DA:3,0
DA:5,0
DA:16,0
LF:3
LH:0
BRF:0
BRH:0
end_of_record
TN:
SF:src/core/infra/database/migrations/1720456727217-migrations.ts
FN:4,(anonymous_0)
FN:19,(anonymous_1)
FNF:2
FNH:0
FNDA:0,(anonymous_0)
FNDA:0,(anonymous_1)
DA:3,0
DA:5,0
DA:20,0
LF:3
LH:0
BRF:0
BRH:0
end_of_record
TN:
SF:src/core/infra/database/migrations/1720456765629-migrations.ts
FN:4,(anonymous_0)
FN:25,(anonymous_1)
FNF:2
FNH:0
FNDA:0,(anonymous_0)
FNDA:0,(anonymous_1)
DA:3,0
DA:5,0
DA:14,0
DA:19,0
DA:26,0
LF:5
LH:0
BRF:0
BRH:0
end_of_record
TN:
SF:src/core/presentation/filters/domain-error.filter.ts
FN:9,(anonymous_1)
FNF:1
FNH:0
FNDA:0,(anonymous_1)
DA:1,0
DA:2,0
DA:3,0
DA:5,0
DA:8,0
DA:10,0
DA:11,0
DA:12,0
DA:13,0
DA:15,0
LF:10
LH:0
BRF:0
BRH:0
end_of_record
TN:
SF:src/core/presentation/filters/http-exception.filter.ts
FN:13,(anonymous_1)
FNF:1
FNH:0
FNDA:0,(anonymous_1)
DA:1,0
DA:2,0
DA:9,0
DA:12,0
DA:14,0
DA:15,0
DA:16,0
DA:17,0
DA:19,0
LF:9
LH:0
BRF:0
BRH:0
end_of_record
TN:
SF:src/core/presentation/interceptors/http-response.interceptor.ts
FN:12,(anonymous_1)
FN:19,(anonymous_2)
FNF:2
FNH:0
FNDA:0,(anonymous_1)
FNDA:0,(anonymous_2)
DA:1,0
DA:7,0
DA:8,0
DA:11,0
DA:16,0
DA:18,0
DA:20,0
LF:7
LH:0
BRF:0
BRH:0
end_of_record
TN:
SF:src/core/presentation/presenters/http.presenter.ts
FN:13,(anonymous_0)
FNF:1
FNH:0
FNDA:0,(anonymous_0)
DA:12,0
DA:14,0
LF:2
LH:0
BRF:0
BRH:0
end_of_record
TN:
SF:src/product/application/dtos/product.dto.ts
FN:4,(anonymous_0)
FN:11,(anonymous_1)
FNF:2
FNH:2
FNDA:5,(anonymous_0)
FNDA:5,(anonymous_1)
DA:3,5
DA:5,5
DA:6,5
DA:7,5
DA:8,5
DA:12,5
LF:6
LH:6
BRF:0
BRH:0
end_of_record
TN:
SF:src/product/application/dtos/sale-price.dto.ts
FN:5,(anonymous_0)
FN:11,(anonymous_1)
FNF:2
FNH:2
FNDA:3,(anonymous_0)
FNDA:3,(anonymous_1)
DA:2,3
DA:4,3
DA:6,3
DA:7,3
DA:8,3
DA:12,3
LF:6
LH:6
BRF:0
BRH:0
end_of_record
TN:
SF:src/product/application/use-cases/assign-sale-price-product.use-case.ts
FN:20,(anonymous_0)
FN:25,(anonymous_1)
FN:48,(anonymous_2)
FNF:3
FNH:3
FNDA:1,(anonymous_0)
FNDA:1,(anonymous_1)
FNDA:1,(anonymous_2)
DA:1,1
DA:3,1
DA:5,1
DA:6,1
DA:19,1
DA:21,1
DA:22,1
DA:28,1
DA:32,1
DA:36,1
DA:41,1
DA:44,1
DA:46,1
DA:48,1
LF:14
LH:14
BRF:0
BRH:0
end_of_record
TN:
SF:src/product/application/use-cases/create-product.use-case.ts
FN:16,(anonymous_0)
FN:18,(anonymous_1)
FNF:2
FNH:2
FNDA:1,(anonymous_0)
FNDA:1,(anonymous_1)
DA:1,1
DA:3,1
DA:15,1
DA:16,1
DA:19,1
DA:25,1
DA:27,1
LF:7
LH:7
BRF:0
BRH:0
end_of_record
TN:
SF:src/product/application/use-cases/delete-product.use-case.ts
FN:8,(anonymous_0)
FN:10,(anonymous_1)
FNF:2
FNH:2
FNDA:1,(anonymous_0)
FNDA:1,(anonymous_1)
DA:7,1
DA:8,1
DA:11,1
LF:3
LH:3
BRF:0
BRH:0
end_of_record
TN:
SF:src/product/application/use-cases/delete-sale-price.use-case.ts
FN:9,(anonymous_0)
FN:11,(anonymous_1)
FNF:2
FNH:2
FNDA:1,(anonymous_0)
FNDA:1,(anonymous_1)
DA:8,1
DA:9,1
DA:12,1
LF:3
LH:3
BRF:0
BRH:0
end_of_record
TN:
SF:src/product/application/use-cases/find-products.use-case.ts
FN:20,(anonymous_0)
FN:22,(anonymous_1)
FN:26,(anonymous_2)
FNF:3
FNH:3
FNDA:1,(anonymous_0)
FNDA:1,(anonymous_1)
FNDA:1,(anonymous_2)
DA:2,1
DA:19,1
DA:20,1
DA:23,1
DA:25,1
DA:26,1
LF:6
LH:6
BRF:0
BRH:0
end_of_record
TN:
SF:src/product/application/use-cases/get-product.use-case.ts
FN:15,(anonymous_0)
FN:17,(anonymous_1)
FN:23,(anonymous_2)
FNF:3
FNH:3
FNDA:1,(anonymous_0)
FNDA:1,(anonymous_1)
FNDA:1,(anonymous_2)
DA:2,1
DA:3,1
DA:14,1
DA:15,1
DA:19,1
DA:21,1
DA:23,1
LF:7
LH:7
BRF:0
BRH:0
end_of_record
TN:
SF:src/product/application/use-cases/update-product.use-case.ts
FN:17,(anonymous_0)
FN:19,(anonymous_1)
FNF:2
FNH:2
FNDA:1,(anonymous_0)
FNDA:1,(anonymous_1)
DA:1,1
DA:3,1
DA:16,1
DA:17,1
DA:20,1
DA:24,1
DA:25,1
DA:26,1
DA:28,1
DA:29,1
DA:32,1
DA:33,1
DA:36,1
DA:38,1
DA:39,1
DA:41,1
LF:16
LH:16
BRDA:28,0,0,1
BRDA:28,1,0,1
BRDA:28,1,1,1
BRDA:32,2,0,1
BRDA:32,3,0,1
BRDA:32,3,1,1
BRDA:36,4,0,1
BRDA:36,4,1,1
BRF:8
BRH:8
end_of_record
TN:
SF:src/product/application/use-cases/update-sale-price.use-case.ts
FN:15,(anonymous_0)
FN:17,(anonymous_1)
FNF:2
FNH:2
FNDA:1,(anonymous_0)
FNDA:1,(anonymous_1)
DA:2,1
DA:14,1
DA:15,1
DA:18,1
DA:24,1
LF:5
LH:5
BRF:0
BRH:0
end_of_record
TN:
SF:src/product/domain/entities/product.ts
FN:9,(anonymous_2)
FN:16,(anonymous_3)
FN:21,(anonymous_4)
FN:25,(anonymous_5)
FN:29,(anonymous_6)
FN:33,(anonymous_7)
FNF:6
FNH:6
FNDA:8,(anonymous_2)
FNDA:1,(anonymous_3)
FNDA:6,(anonymous_4)
FNDA:7,(anonymous_5)
FNDA:7,(anonymous_6)
FNDA:6,(anonymous_7)
DA:1,5
DA:3,5
DA:4,8
DA:5,8
DA:6,8
DA:7,8
DA:10,8
DA:11,8
DA:12,8
DA:13,8
DA:17,1
DA:18,1
DA:22,6
DA:26,7
DA:30,7
DA:34,6
LF:16
LH:16
BRDA:12,0,0,8
BRDA:12,0,1,0
BRF:2
BRH:1
end_of_record
TN:
SF:src/product/domain/entities/sale-price.ts
FN:8,(anonymous_2)
FN:14,(anonymous_3)
FN:22,(anonymous_4)
FN:26,(anonymous_5)
FN:30,(anonymous_6)
FNF:5
FNH:5
FNDA:5,(anonymous_2)
FNDA:1,(anonymous_3)
FNDA:3,(anonymous_4)
FNDA:3,(anonymous_5)
FNDA:3,(anonymous_6)
DA:3,4
DA:4,5
DA:5,5
DA:6,5
DA:9,5
DA:10,5
DA:11,5
DA:19,1
DA:23,3
DA:27,3
DA:31,3
LF:11
LH:11
BRF:0
BRH:0
end_of_record
TN:
SF:src/product/domain/errors/product-not-found.error.ts
FN:4,(anonymous_0)
FNF:1
FNH:0
FNDA:0,(anonymous_0)
DA:1,0
DA:2,0
DA:4,0
DA:5,0
DA:6,0
LF:5
LH:0
BRF:0
BRH:0
end_of_record
TN:
SF:src/product/domain/errors/sale-price-already-exists.error.ts
FN:4,(anonymous_0)
FNF:1
FNH:0
FNDA:0,(anonymous_0)
DA:1,0
DA:2,0
DA:4,0
DA:5,0
DA:6,0
LF:5
LH:0
BRF:0
BRH:0
end_of_record
TN:
SF:src/product/domain/errors/sale-price-not-found.error.ts
FN:4,(anonymous_0)
FNF:1
FNH:0
FNDA:0,(anonymous_0)
DA:1,0
DA:2,0
DA:4,0
DA:5,0
DA:6,0
LF:5
LH:0
BRF:0
BRH:0
end_of_record
TN:
SF:src/product/domain/value-objects/description-product.vo.ts
FN:9,(anonymous_2)
FN:21,(anonymous_3)
FNF:2
FNH:2
FNDA:8,(anonymous_2)
FNDA:7,(anonymous_3)
DA:1,5
DA:2,5
DA:4,5
DA:5,5
DA:7,8
DA:10,8
DA:11,0
DA:14,8
DA:15,0
DA:18,8
DA:22,7
LF:11
LH:9
BRDA:10,0,0,0
BRDA:14,1,0,0
BRF:2
BRH:0
end_of_record
TN:
SF:src/product/domain/value-objects/errors/empty-description-product.error.ts
FN:4,(anonymous_0)
FNF:1
FNH:0
FNDA:0,(anonymous_0)
DA:1,5
DA:2,5
DA:4,5
DA:5,0
DA:6,0
LF:5
LH:3
BRF:0
BRH:0
end_of_record
TN:
SF:src/product/domain/value-objects/errors/limit-size-description-product.error.ts
FN:5,(anonymous_0)
FNF:1
FNH:0
FNDA:0,(anonymous_0)
DA:1,5
DA:2,5
DA:3,5
DA:5,5
DA:6,0
DA:7,0
LF:6
LH:4
BRF:0
BRH:0
end_of_record
TN:
SF:src/product/infra/models/product.model.ts
FNF:0
FNH:0
DA:1,0
DA:4,0
DA:6,0
DA:12,0
DA:20,0
DA:23,0
LF:6
LH:0
BRF:0
BRH:0
end_of_record
TN:
SF:src/product/infra/models/sale-price.model.ts
FN:16,(anonymous_2)
FN:23,(anonymous_3)
FNF:2
FNH:0
FNDA:0,(anonymous_2)
FNDA:0,(anonymous_3)
DA:1,0
DA:8,0
DA:9,0
DA:12,0
DA:14,0
DA:16,0
DA:21,0
DA:23,0
DA:30,0
DA:38,0
LF:10
LH:0
BRF:0
BRH:0
end_of_record
TN:
SF:src/product/infra/models/supermarket.model.ts
FNF:0
FNH:0
DA:1,0
DA:4,0
DA:6,0
DA:12,0
LF:4
LH:0
BRF:0
BRH:0
end_of_record
TN:
SF:src/product/infra/repositories/product-database.repository.ts
FN:14,(anonymous_0)
FN:19,(anonymous_1)
FN:54,(anonymous_2)
FN:78,(anonymous_3)
FN:92,(anonymous_4)
FN:120,(anonymous_5)
FN:131,(anonymous_6)
FN:170,(anonymous_7)
FN:186,(anonymous_8)
FN:208,(anonymous_9)
FNF:10
FNH:0
FNDA:0,(anonymous_0)
FNDA:0,(anonymous_1)
FNDA:0,(anonymous_2)
FNDA:0,(anonymous_3)
FNDA:0,(anonymous_4)
FNDA:0,(anonymous_5)
FNDA:0,(anonymous_6)
FNDA:0,(anonymous_7)
FNDA:0,(anonymous_8)
FNDA:0,(anonymous_9)
DA:1,0
DA:2,0
DA:3,0
DA:4,0
DA:5,0
DA:7,0
DA:8,0
DA:13,0
DA:15,0
DA:16,0
DA:24,0
DA:35,0
DA:36,0
DA:39,0
DA:44,0
DA:58,0
DA:69,0
DA:70,0
DA:73,0
DA:79,0
DA:83,0
DA:84,0
DA:87,0
DA:95,0
DA:99,0
DA:100,0
DA:103,0
DA:112,0
DA:119,0
DA:121,0
DA:128,0
DA:132,0
DA:138,0
DA:139,0
DA:142,0
DA:153,0
DA:154,0
DA:157,0
DA:163,0
DA:171,0
DA:178,0
DA:187,0
DA:189,0
DA:190,0
DA:193,0
DA:194,0
DA:197,0
DA:198,0
DA:201,0
DA:207,0
DA:209,0
DA:212,0
LF:52
LH:0
BRDA:35,0,0,0
BRDA:69,1,0,0
BRDA:83,2,0,0
BRDA:99,3,0,0
BRDA:138,4,0,0
BRDA:153,5,0,0
BRDA:172,6,0,0
BRDA:172,6,1,0
BRDA:189,7,0,0
BRDA:193,8,0,0
BRDA:197,9,0,0
BRF:11
BRH:0
end_of_record
TN:
SF:src/product/presentation/product.module.ts
FNF:0
FNH:0
DA:1,0
DA:2,0
DA:3,0
DA:4,0
DA:5,0
DA:6,0
DA:7,0
DA:16,0
LF:8
LH:0
BRF:0
BRH:0
end_of_record
TN:
SF:src/product/presentation/product.provider.ts
FN:20,(anonymous_0)
FN:24,(anonymous_1)
FN:40,(anonymous_2)
FN:48,(anonymous_3)
FN:52,(anonymous_4)
FN:59,(anonymous_5)
FN:66,(anonymous_6)
FN:73,(anonymous_7)
FN:80,(anonymous_8)
FN:87,(anonymous_9)
FN:94,(anonymous_10)
FN:101,(anonymous_11)
FN:115,(anonymous_12)
FN:119,(anonymous_13)
FNF:14
FNH:0
FNDA:0,(anonymous_0)
FNDA:0,(anonymous_1)
FNDA:0,(anonymous_2)
FNDA:0,(anonymous_3)
FNDA:0,(anonymous_4)
FNDA:0,(anonymous_5)
FNDA:0,(anonymous_6)
FNDA:0,(anonymous_7)
FNDA:0,(anonymous_8)
FNDA:0,(anonymous_9)
FNDA:0,(anonymous_10)
FNDA:0,(anonymous_11)
FNDA:0,(anonymous_12)
FNDA:0,(anonymous_13)
DA:1,0
DA:2,0
DA:3,0
DA:4,0
DA:5,0
DA:6,0
DA:7,0
DA:8,0
DA:9,0
DA:10,0
DA:11,0
DA:12,0
DA:13,0
DA:14,0
DA:15,0
DA:19,0
DA:21,0
DA:28,0
DA:41,0
DA:49,0
DA:53,0
DA:60,0
DA:67,0
DA:74,0
DA:81,0
DA:88,0
DA:95,0
DA:105,0
DA:116,0
DA:120,0
LF:30
LH:0
BRF:0
BRH:0
end_of_record
TN:
SF:src/product/presentation/controllers/product.controller.ts
FN:33,(anonymous_4)
FN:46,(anonymous_5)
FN:52,(anonymous_6)
FN:59,(anonymous_7)
FN:68,(anonymous_8)
FN:82,(anonymous_9)
FN:95,(anonymous_10)
FN:109,(anonymous_11)
FN:117,(anonymous_12)
FNF:9
FNH:0
FNDA:0,(anonymous_4)
FNDA:0,(anonymous_5)
FNDA:0,(anonymous_6)
FNDA:0,(anonymous_7)
FNDA:0,(anonymous_8)
FNDA:0,(anonymous_9)
FNDA:0,(anonymous_10)
FNDA:0,(anonymous_11)
FNDA:0,(anonymous_12)
DA:1,0
DA:2,0
DA:17,0
DA:18,0
DA:19,0
DA:20,0
DA:21,0
DA:22,0
DA:23,0
DA:24,0
DA:25,0
DA:26,0
DA:27,0
DA:28,0
DA:29,0
DA:32,0
DA:34,0
DA:35,0
DA:36,0
DA:37,0
DA:38,0
DA:39,0
DA:40,0
DA:41,0
DA:46,0
DA:47,0
DA:52,0
DA:53,0
DA:59,0
DA:60,0
DA:68,0
DA:73,0
DA:82,0
DA:87,0
DA:95,0
DA:100,0
DA:109,0
DA:110,0
DA:117,0
DA:121,0
LF:40
LH:0
BRF:0
BRH:0
end_of_record
TN:
SF:src/product/presentation/dtos/input-assign-sale-price.dto.ts
FN:6,(anonymous_2)
FNF:1
FNH:0
FNDA:0,(anonymous_2)
DA:1,0
DA:2,0
DA:4,0
DA:6,0
DA:7,0
LF:5
LH:0
BRF:0
BRH:0
end_of_record
TN:
SF:src/product/presentation/dtos/input-create-product.dto.ts
FN:18,(anonymous_2)
FNF:1
FNH:0
FNDA:0,(anonymous_2)
DA:1,0
DA:2,0
DA:10,0
DA:14,0
DA:18,0
DA:19,0
LF:6
LH:0
BRF:0
BRH:0
end_of_record
TN:
SF:src/product/presentation/dtos/input-find-products.dto.ts
FN:7,(anonymous_2)
FN:17,(anonymous_3)
FN:22,(anonymous_4)
FN:26,(anonymous_5)
FN:30,(anonymous_6)
FNF:5
FNH:0
FNDA:0,(anonymous_2)
FNDA:0,(anonymous_3)
FNDA:0,(anonymous_4)
FNDA:0,(anonymous_5)
FNDA:0,(anonymous_6)
DA:1,0
DA:2,0
DA:4,0
DA:7,0
DA:8,0
DA:13,0
DA:17,0
DA:18,0
DA:22,0
DA:23,0
DA:26,0
DA:27,0
DA:30,0
DA:31,0
LF:14
LH:0
BRF:0
BRH:0
end_of_record
TN:
SF:src/product/presentation/dtos/input-update-product.ts
FN:19,(anonymous_2)
FNF:1
FNH:0
FNDA:0,(anonymous_2)
DA:1,0
DA:2,0
DA:10,0
DA:15,0
DA:19,0
DA:20,0
LF:6
LH:0
BRF:0
BRH:0
end_of_record
TN:
SF:src/supermarket/application/dtos/supermarket.dto.ts
FN:4,(anonymous_0)
FN:9,(anonymous_1)
FNF:2
FNH:2
FNDA:3,(anonymous_0)
FNDA:3,(anonymous_1)
DA:3,3
DA:5,3
DA:6,3
DA:10,3
LF:4
LH:4
BRF:0
BRH:0
end_of_record
TN:
SF:src/supermarket/application/use-cases/find-supermarkets.use-case.ts
FN:9,(anonymous_0)
FN:11,(anonymous_1)
FN:15,(anonymous_2)
FNF:3
FNH:0
FNDA:0,(anonymous_0)
FNDA:0,(anonymous_1)
FNDA:0,(anonymous_2)
DA:2,0
DA:8,0
DA:9,0
DA:12,0
DA:14,0
DA:16,0
LF:6
LH:0
BRF:0
BRH:0
end_of_record
TN:
SF:src/supermarket/domain/entities/supermarket.ts
FN:5,(anonymous_2)
FN:10,(anonymous_3)
FN:14,(anonymous_4)
FNF:3
FNH:3
FNDA:5,(anonymous_2)
FNDA:4,(anonymous_3)
FNDA:4,(anonymous_4)
DA:1,4
DA:2,5
DA:3,5
DA:6,5
DA:7,5
DA:11,4
DA:15,4
LF:7
LH:7
BRF:0
BRH:0
end_of_record
TN:
SF:src/supermarket/domain/errors/supermarket-not-found.error.ts
FN:4,(anonymous_0)
FNF:1
FNH:0
FNDA:0,(anonymous_0)
DA:1,0
DA:2,0
DA:4,0
DA:5,0
DA:6,0
LF:5
LH:0
BRF:0
BRH:0
end_of_record
TN:
SF:src/supermarket/infra/repositories/supermarket-database.repository.ts
FN:10,(anonymous_0)
FN:12,(anonymous_1)
FN:15,(anonymous_2)
FN:18,(anonymous_3)
FNF:4
FNH:0
FNDA:0,(anonymous_0)
FNDA:0,(anonymous_1)
FNDA:0,(anonymous_2)
FNDA:0,(anonymous_3)
DA:3,0
DA:4,0
DA:7,0
DA:10,0
DA:13,0
DA:15,0
DA:19,0
DA:25,0
DA:26,0
DA:29,0
LF:10
LH:0
BRDA:25,0,0,0
BRF:1
BRH:0
end_of_record
TN:
SF:src/supermarket/presentation/supermarket.module.ts
FNF:0
FNH:0
DA:1,0
DA:2,0
DA:3,0
DA:4,0
DA:5,0
DA:12,0
LF:6
LH:0
BRF:0
BRH:0
end_of_record
TN:
SF:src/supermarket/presentation/supermarket.provider.ts
FN:9,(anonymous_0)
FN:13,(anonymous_1)
FN:24,(anonymous_2)
FN:28,(anonymous_3)
FN:36,(anonymous_4)
FN:40,(anonymous_5)
FNF:6
FNH:0
FNDA:0,(anonymous_0)
FNDA:0,(anonymous_1)
FNDA:0,(anonymous_2)
FNDA:0,(anonymous_3)
FNDA:0,(anonymous_4)
FNDA:0,(anonymous_5)
DA:1,0
DA:2,0
DA:3,0
DA:4,0
DA:6,0
DA:8,0
DA:10,0
DA:15,0
DA:17,0
DA:25,0
DA:29,0
DA:37,0
DA:41,0
LF:13
LH:0
BRF:0
BRH:0
end_of_record
TN:
SF:src/supermarket/presentation/controllers/supermarket.controller.ts
FN:6,(anonymous_2)
FN:11,(anonymous_3)
FNF:2
FNH:0
FNDA:0,(anonymous_2)
FNDA:0,(anonymous_3)
DA:1,0
DA:2,0
DA:5,0
DA:7,0
DA:11,0
DA:12,0
LF:6
LH:0
BRF:0
BRH:0
end_of_record
